Watching for file changes with StatReloader
[29/Mar/2026 15:27:30] "OPTIONS /api/start-run/ HTTP/1.1" 200 0
[29/Mar/2026 15:27:31] "POST /api/start-run/ HTTP/1.1" 201 16
[29/Mar/2026 15:27:31] "OPTIONS /api/update-location/ HTTP/1.1" 200 0
[29/Mar/2026 15:27:31] "POST /api/update-location/ HTTP/1.1" 200 102
[29/Mar/2026 15:54:56] "OPTIONS /api/auth/login/ HTTP/1.1" 200 0
[29/Mar/2026 16:12:44] "OPTIONS /api/auth/login/ HTTP/1.1" 200 0
[29/Mar/2026 16:12:45] "POST /api/auth/login/ HTTP/1.1" 200 81
[29/Mar/2026 16:15:50] "POST /api/auth/login/ HTTP/1.1" 200 81
[29/Mar/2026 16:16:05] "POST /api/start-run/ HTTP/1.1" 201 16
[29/Mar/2026 16:16:06] "POST /api/update-location/ HTTP/1.1" 200 102
[29/Mar/2026 16:16:12] "POST /api/update-location/ HTTP/1.1" 200 102
[29/Mar/2026 16:16:17] "POST /api/update-location/ HTTP/1.1" 200 102
[29/Mar/2026 16:16:22] "POST /api/update-location/ HTTP/1.1" 200 102
[29/Mar/2026 16:16:27] "POST /api/update-location/ HTTP/1.1" 200 102
[29/Mar/2026 16:16:32] "POST /api/update-location/ HTTP/1.1" 200 102
[29/Mar/2026 16:16:37] "POST /api/update-location/ HTTP/1.1" 200 102
[29/Mar/2026 16:16:42] "POST /api/update-location/ HTTP/1.1" 200 102
[29/Mar/2026 16:16:47] "POST /api/update-location/ HTTP/1.1" 200 102
[29/Mar/2026 16:16:52] "POST /api/update-location/ HTTP/1.1" 200 102
[29/Mar/2026 16:16:57] "POST /api/update-location/ HTTP/1.1" 200 102
[29/Mar/2026 16:17:02] "POST /api/update-location/ HTTP/1.1" 200 102
[29/Mar/2026 16:17:07] "POST /api/update-location/ HTTP/1.1" 200 102
[29/Mar/2026 16:17:09] "POST /api/update-location/ HTTP/1.1" 200 102
[29/Mar/2026 16:17:10] "POST /api/end-run/ HTTP/1.1" 200 37
[29/Mar/2026 16:17:23] "POST /api/start-run/ HTTP/1.1" 201 16
[29/Mar/2026 16:17:26] "POST /api/update-location/ HTTP/1.1" 200 102
[29/Mar/2026 16:17:32] "POST /api/update-location/ HTTP/1.1" 200 102
[29/Mar/2026 16:17:37] "POST /api/update-location/ HTTP/1.1" 200 102
[29/Mar/2026 16:17:42] "POST /api/update-location/ HTTP/1.1" 200 102
[29/Mar/2026 16:17:47] "POST /api/update-location/ HTTP/1.1" 200 102
[29/Mar/2026 16:17:52] "POST /api/update-location/ HTTP/1.1" 200 102
[29/Mar/2026 16:17:57] "POST /api/update-location/ HTTP/1.1" 200 102
[29/Mar/2026 16:18:02] "POST /api/update-location/ HTTP/1.1" 200 102
[29/Mar/2026 16:18:03] "POST /api/update-location/ HTTP/1.1" 200 102
[29/Mar/2026 16:18:04] "POST /api/end-run/ HTTP/1.1" 200 37
C:\Kabzaa-The running App\backend\api\views.py changed, reloading.
Watching for file changes with StatReloader
C:\Kabzaa-The running App\backend\api\urls.py changed, reloading.
Watching for file changes with StatReloader
[29/Mar/2026 16:29:03] "GET /api/leaderboard/ HTTP/1.1" 200 216
[29/Mar/2026 16:29:03] "GET /api/profile/ HTTP/1.1" 200 1705
[29/Mar/2026 16:30:57] "POST /api/auth/login/ HTTP/1.1" 200 81
[29/Mar/2026 16:30:58] "GET /api/profile/ HTTP/1.1" 200 1705
[29/Mar/2026 16:31:04] "POST /api/start-run/ HTTP/1.1" 201 16
[29/Mar/2026 16:31:05] "POST /api/end-run/ HTTP/1.1" 200 598
[29/Mar/2026 16:31:06] "POST /api/start-run/ HTTP/1.1" 201 16
[29/Mar/2026 16:31:07] "POST /api/end-run/ HTTP/1.1" 200 598
[29/Mar/2026 16:31:07] "POST /api/start-run/ HTTP/1.1" 201 16
[29/Mar/2026 16:31:08] "POST /api/end-run/ HTTP/1.1" 200 598
[29/Mar/2026 16:31:08] "POST /api/start-run/ HTTP/1.1" 201 16
Bad Request: /api/update-location/
[29/Mar/2026 16:31:09] "POST /api/update-location/ HTTP/1.1" 400 60
[29/Mar/2026 16:31:09] "POST /api/start-run/ HTTP/1.1" 201 17
Bad Request: /api/update-location/
[29/Mar/2026 16:31:10] "POST /api/update-location/ HTTP/1.1" 400 60
[29/Mar/2026 16:31:10] "POST /api/start-run/ HTTP/1.1" 201 17
[29/Mar/2026 16:31:10] "POST /api/update-location/ HTTP/1.1" 200 124
[29/Mar/2026 16:31:11] "POST /api/update-location/ HTTP/1.1" 200 124
Bad Request: /api/update-location/
[29/Mar/2026 16:31:12] "POST /api/update-location/ HTTP/1.1" 400 60
[29/Mar/2026 16:31:12] "POST /api/update-location/ HTTP/1.1" 200 124
[29/Mar/2026 16:31:13] "POST /api/start-run/ HTTP/1.1" 201 17
[29/Mar/2026 16:31:13] "POST /api/update-location/ HTTP/1.1" 200 124
[29/Mar/2026 16:31:14] "POST /api/start-run/ HTTP/1.1" 201 17
[29/Mar/2026 16:31:14] "POST /api/end-run/ HTTP/1.1" 200 601
Bad Request: /api/update-location/
[29/Mar/2026 16:31:15] "POST /api/update-location/ HTTP/1.1" 400 60
[29/Mar/2026 16:31:15] "POST /api/start-run/ HTTP/1.1" 201 17
Bad Request: /api/end-run/
[29/Mar/2026 16:31:16] "POST /api/end-run/ HTTP/1.1" 400 41
Bad Request: /api/update-location/
[29/Mar/2026 16:31:16] "POST /api/update-location/ HTTP/1.1" 400 60
[29/Mar/2026 16:31:16] "POST /api/start-run/ HTTP/1.1" 201 17
[29/Mar/2026 16:31:17] "POST /api/update-location/ HTTP/1.1" 200 124
[29/Mar/2026 16:31:18] "POST /api/update-location/ HTTP/1.1" 200 124
[29/Mar/2026 16:31:18] "POST /api/end-run/ HTTP/1.1" 200 601
Bad Request: /api/update-location/
[29/Mar/2026 16:31:19] "POST /api/update-location/ HTTP/1.1" 400 60
[29/Mar/2026 16:31:19] "POST /api/start-run/ HTTP/1.1" 201 17
[29/Mar/2026 16:31:19] "POST /api/update-location/ HTTP/1.1" 200 124
[29/Mar/2026 16:31:20] "POST /api/start-run/ HTTP/1.1" 201 17
[29/Mar/2026 16:31:20] "POST /api/end-run/ HTTP/1.1" 200 601
Bad Request: /api/update-location/
[29/Mar/2026 16:31:21] "POST /api/update-location/ HTTP/1.1" 400 60
Bad Request: /api/update-location/
[29/Mar/2026 16:31:21] "POST /api/update-location/ HTTP/1.1" 400 60
Bad Request: /api/update-location/
[29/Mar/2026 16:31:22] "POST /api/update-location/ HTTP/1.1" 400 60
Bad Request: /api/update-location/
[29/Mar/2026 16:31:22] "POST /api/update-location/ HTTP/1.1" 400 60
[29/Mar/2026 16:31:23] "POST /api/start-run/ HTTP/1.1" 201 17
Bad Request: /api/update-location/
[29/Mar/2026 16:31:23] "POST /api/update-location/ HTTP/1.1" 400 60
[29/Mar/2026 16:31:24] "POST /api/update-location/ HTTP/1.1" 200 124
[29/Mar/2026 16:31:24] "POST /api/start-run/ HTTP/1.1" 201 17
[29/Mar/2026 16:31:25] "POST /api/end-run/ HTTP/1.1" 200 601
[29/Mar/2026 16:31:25] "POST /api/start-run/ HTTP/1.1" 201 17
[29/Mar/2026 16:31:26] "POST /api/start-run/ HTTP/1.1" 201 17
[29/Mar/2026 16:31:26] "POST /api/end-run/ HTTP/1.1" 200 600
Bad Request: /api/update-location/
[29/Mar/2026 16:31:26] "POST /api/update-location/ HTTP/1.1" 400 60
[29/Mar/2026 16:31:27] "POST /api/start-run/ HTTP/1.1" 201 17
Bad Request: /api/end-run/
[29/Mar/2026 16:31:27] "POST /api/end-run/ HTTP/1.1" 400 41
Bad Request: /api/update-location/
[29/Mar/2026 16:31:28] "POST /api/update-location/ HTTP/1.1" 400 60
[29/Mar/2026 16:31:29] "POST /api/start-run/ HTTP/1.1" 201 17
Bad Request: /api/end-run/
[29/Mar/2026 16:31:29] "POST /api/end-run/ HTTP/1.1" 400 41
[29/Mar/2026 16:31:30] "POST /api/update-location/ HTTP/1.1" 200 124
[29/Mar/2026 16:31:30] "POST /api/start-run/ HTTP/1.1" 201 17
[29/Mar/2026 16:31:30] "POST /api/end-run/ HTTP/1.1" 200 601
Bad Request: /api/update-location/
[29/Mar/2026 16:31:31] "POST /api/update-location/ HTTP/1.1" 400 60
[29/Mar/2026 16:31:31] "POST /api/start-run/ HTTP/1.1" 201 17
Bad Request: /api/update-location/
[29/Mar/2026 16:31:32] "POST /api/update-location/ HTTP/1.1" 400 60
[29/Mar/2026 16:31:32] "POST /api/update-location/ HTTP/1.1" 200 124
[29/Mar/2026 16:31:33] "POST /api/start-run/ HTTP/1.1" 201 17
[29/Mar/2026 16:31:33] "POST /api/update-location/ HTTP/1.1" 200 124
[29/Mar/2026 16:31:34] "POST /api/update-location/ HTTP/1.1" 200 124
[29/Mar/2026 16:31:34] "POST /api/end-run/ HTTP/1.1" 200 602
[29/Mar/2026 16:31:35] "POST /api/update-location/ HTTP/1.1" 200 124
[29/Mar/2026 16:31:35] "POST /api/start-run/ HTTP/1.1" 201 17
[29/Mar/2026 16:31:35] "POST /api/update-location/ HTTP/1.1" 200 124
Bad Request: /api/update-location/
[29/Mar/2026 16:31:36] "POST /api/update-location/ HTTP/1.1" 400 60
[29/Mar/2026 16:31:36] "POST /api/update-location/ HTTP/1.1" 200 124
[29/Mar/2026 16:31:37] "POST /api/start-run/ HTTP/1.1" 201 17
[29/Mar/2026 16:31:38] "POST /api/start-run/ HTTP/1.1" 201 17
[29/Mar/2026 16:31:38] "GET /api/profile/ HTTP/1.1" 200 2272
[29/Mar/2026 16:31:38] "POST /api/end-run/ HTTP/1.1" 200 602
[29/Mar/2026 16:31:39] "POST /api/end-run/ HTTP/1.1" 200 602
Bad Request: /api/end-run/
[29/Mar/2026 16:31:39] "POST /api/end-run/ HTTP/1.1" 400 41
Bad Request: /api/end-run/
[29/Mar/2026 16:31:40] "POST /api/end-run/ HTTP/1.1" 400 41
Bad Request: /api/end-run/
[29/Mar/2026 16:31:40] "POST /api/end-run/ HTTP/1.1" 400 41
Bad Request: /api/end-run/
[29/Mar/2026 16:31:41] "POST /api/end-run/ HTTP/1.1" 400 41
Bad Request: /api/end-run/
[29/Mar/2026 16:31:41] "POST /api/end-run/ HTTP/1.1" 400 41
Bad Request: /api/end-run/
[29/Mar/2026 16:31:42] "POST /api/end-run/ HTTP/1.1" 400 41
Bad Request: /api/end-run/
[29/Mar/2026 16:31:42] "POST /api/end-run/ HTTP/1.1" 400 41
Bad Request: /api/end-run/
[29/Mar/2026 16:31:43] "POST /api/end-run/ HTTP/1.1" 400 41
[29/Mar/2026 16:31:43] "POST /api/start-run/ HTTP/1.1" 201 17
Bad Request: /api/update-location/
[29/Mar/2026 16:31:45] "POST /api/update-location/ HTTP/1.1" 400 60
Bad Request: /api/end-run/
[29/Mar/2026 16:31:45] "POST /api/end-run/ HTTP/1.1" 400 41
Bad Request: /api/end-run/
[29/Mar/2026 16:31:46] "POST /api/end-run/ HTTP/1.1" 400 41
Bad Request: /api/end-run/
[29/Mar/2026 16:31:48] "POST /api/end-run/ HTTP/1.1" 400 41
[29/Mar/2026 16:31:51] "POST /api/start-run/ HTTP/1.1" 201 17
[29/Mar/2026 16:31:52] "POST /api/start-run/ HTTP/1.1" 201 17
[29/Mar/2026 16:31:52] "POST /api/end-run/ HTTP/1.1" 200 599
[29/Mar/2026 16:31:53] "POST /api/start-run/ HTTP/1.1" 201 17
[29/Mar/2026 16:31:53] "POST /api/end-run/ HTTP/1.1" 200 601
[29/Mar/2026 16:31:54] "POST /api/start-run/ HTTP/1.1" 201 17
[29/Mar/2026 16:31:54] "POST /api/end-run/ HTTP/1.1" 200 599
Bad Request: /api/update-location/
[29/Mar/2026 16:31:55] "POST /api/update-location/ HTTP/1.1" 400 60
Bad Request: /api/update-location/
[29/Mar/2026 16:31:55] "POST /api/update-location/ HTTP/1.1" 400 60
[29/Mar/2026 16:31:55] "POST /api/update-location/ HTTP/1.1" 200 124
Bad Request: /api/update-location/
[29/Mar/2026 16:31:56] "POST /api/update-location/ HTTP/1.1" 400 60
[29/Mar/2026 16:31:57] "POST /api/update-location/ HTTP/1.1" 200 125
Bad Request: /api/update-location/
[29/Mar/2026 16:31:57] "POST /api/update-location/ HTTP/1.1" 400 60
[29/Mar/2026 16:31:58] "POST /api/start-run/ HTTP/1.1" 201 17
[29/Mar/2026 16:31:58] "POST /api/end-run/ HTTP/1.1" 200 606
Bad Request: /api/end-run/
[29/Mar/2026 16:31:59] "POST /api/end-run/ HTTP/1.1" 400 41
Bad Request: /api/update-location/
[29/Mar/2026 16:31:59] "POST /api/update-location/ HTTP/1.1" 400 60
[29/Mar/2026 16:32:00] "POST /api/start-run/ HTTP/1.1" 201 17
Bad Request: /api/update-location/
[29/Mar/2026 16:32:00] "POST /api/update-location/ HTTP/1.1" 400 60
[29/Mar/2026 16:32:01] "POST /api/start-run/ HTTP/1.1" 201 17
Bad Request: /api/update-location/
[29/Mar/2026 16:32:01] "POST /api/update-location/ HTTP/1.1" 400 60
[29/Mar/2026 16:32:02] "POST /api/start-run/ HTTP/1.1" 201 17
[29/Mar/2026 16:32:02] "POST /api/update-location/ HTTP/1.1" 200 124
[29/Mar/2026 16:32:03] "POST /api/start-run/ HTTP/1.1" 201 17
[29/Mar/2026 16:32:04] "POST /api/start-run/ HTTP/1.1" 201 17
[29/Mar/2026 16:32:04] "POST /api/end-run/ HTTP/1.1" 200 604
[29/Mar/2026 16:32:05] "POST /api/update-location/ HTTP/1.1" 200 124
[29/Mar/2026 16:32:05] "POST /api/start-run/ HTTP/1.1" 201 17
[29/Mar/2026 16:32:06] "POST /api/update-location/ HTTP/1.1" 200 125
[29/Mar/2026 16:32:06] "POST /api/update-location/ HTTP/1.1" 200 125
[29/Mar/2026 16:32:06] "POST /api/end-run/ HTTP/1.1" 200 606
Bad Request: /api/update-location/
[29/Mar/2026 16:32:07] "POST /api/update-location/ HTTP/1.1" 400 60
[29/Mar/2026 16:32:07] "POST /api/update-location/ HTTP/1.1" 200 124
[29/Mar/2026 16:32:08] "POST /api/update-location/ HTTP/1.1" 200 125
Bad Request: /api/update-location/
[29/Mar/2026 16:32:09] "POST /api/update-location/ HTTP/1.1" 400 60
[29/Mar/2026 16:32:09] "POST /api/start-run/ HTTP/1.1" 201 17
[29/Mar/2026 16:32:09] "POST /api/end-run/ HTTP/1.1" 200 606
[29/Mar/2026 16:32:10] "POST /api/update-location/ HTTP/1.1" 200 124
[29/Mar/2026 16:32:11] "POST /api/start-run/ HTTP/1.1" 201 17
[29/Mar/2026 16:32:11] "POST /api/start-run/ HTTP/1.1" 201 17
[29/Mar/2026 16:32:12] "POST /api/start-run/ HTTP/1.1" 201 17
[29/Mar/2026 16:32:12] "POST /api/update-location/ HTTP/1.1" 200 124
[29/Mar/2026 16:32:13] "POST /api/start-run/ HTTP/1.1" 201 17
[29/Mar/2026 16:32:13] "POST /api/update-location/ HTTP/1.1" 200 124
[29/Mar/2026 16:32:14] "POST /api/start-run/ HTTP/1.1" 201 17
[29/Mar/2026 16:32:14] "POST /api/update-location/ HTTP/1.1" 200 125
[29/Mar/2026 16:32:14] "POST /api/update-location/ HTTP/1.1" 200 125
[29/Mar/2026 16:32:15] "POST /api/start-run/ HTTP/1.1" 201 17
[29/Mar/2026 16:32:15] "POST /api/update-location/ HTTP/1.1" 200 124
[29/Mar/2026 16:32:16] "POST /api/start-run/ HTTP/1.1" 201 17
Bad Request: /api/update-location/
[29/Mar/2026 16:32:16] "POST /api/update-location/ HTTP/1.1" 400 60
[29/Mar/2026 16:32:17] "POST /api/end-run/ HTTP/1.1" 200 605
Bad Request: /api/update-location/
[29/Mar/2026 16:32:17] "POST /api/update-location/ HTTP/1.1" 400 60
[29/Mar/2026 16:32:18] "POST /api/start-run/ HTTP/1.1" 201 17
[29/Mar/2026 16:32:18] "POST /api/update-location/ HTTP/1.1" 200 124
[29/Mar/2026 16:32:19] "POST /api/start-run/ HTTP/1.1" 201 17
[29/Mar/2026 16:32:19] "POST /api/update-location/ HTTP/1.1" 200 124
[29/Mar/2026 16:32:20] "POST /api/update-location/ HTTP/1.1" 200 124
[29/Mar/2026 16:32:20] "POST /api/start-run/ HTTP/1.1" 201 17
[29/Mar/2026 16:32:21] "POST /api/update-location/ HTTP/1.1" 200 124
[29/Mar/2026 16:32:21] "POST /api/start-run/ HTTP/1.1" 201 17
[29/Mar/2026 16:32:22] "POST /api/update-location/ HTTP/1.1" 200 124
[29/Mar/2026 16:32:22] "POST /api/end-run/ HTTP/1.1" 200 605
[29/Mar/2026 16:32:23] "GET /api/profile/ HTTP/1.1" 200 2282
Bad Request: /api/update-location/
[29/Mar/2026 16:32:23] "POST /api/update-location/ HTTP/1.1" 400 60
Bad Request: /api/end-run/
[29/Mar/2026 16:32:23] "POST /api/end-run/ HTTP/1.1" 400 41
Bad Request: /api/end-run/
[29/Mar/2026 16:32:24] "POST /api/end-run/ HTTP/1.1" 400 41
Bad Request: /api/end-run/
[29/Mar/2026 16:32:24] "POST /api/end-run/ HTTP/1.1" 400 41
Bad Request: /api/end-run/
[29/Mar/2026 16:32:25] "POST /api/end-run/ HTTP/1.1" 400 41
Bad Request: /api/end-run/
[29/Mar/2026 16:32:25] "POST /api/end-run/ HTTP/1.1" 400 41
Bad Request: /api/end-run/
[29/Mar/2026 16:32:26] "POST /api/end-run/ HTTP/1.1" 400 41
Bad Request: /api/end-run/
[29/Mar/2026 16:32:26] "POST /api/end-run/ HTTP/1.1" 400 41
Bad Request: /api/end-run/
[29/Mar/2026 16:32:27] "POST /api/end-run/ HTTP/1.1" 400 41
Bad Request: /api/end-run/
[29/Mar/2026 16:32:27] "POST /api/end-run/ HTTP/1.1" 400 41
Bad Request: /api/end-run/
[29/Mar/2026 16:32:27] "POST /api/end-run/ HTTP/1.1" 400 41
Bad Request: /api/update-location/
[29/Mar/2026 16:32:29] "POST /api/update-location/ HTTP/1.1" 400 60
Bad Request: /api/end-run/
[29/Mar/2026 16:32:29] "POST /api/end-run/ HTTP/1.1" 400 41
Bad Request: /api/end-run/
[29/Mar/2026 16:32:30] "POST /api/end-run/ HTTP/1.1" 400 41
Bad Request: /api/end-run/
[29/Mar/2026 16:32:31] "POST /api/end-run/ HTTP/1.1" 400 41
[29/Mar/2026 16:35:03] "GET /api/profile/ HTTP/1.1" 200 2298
[29/Mar/2026 16:35:06] "POST /api/start-run/ HTTP/1.1" 201 17
[29/Mar/2026 16:35:07] "POST /api/end-run/ HTTP/1.1" 200 602
[29/Mar/2026 16:35:08] "POST /api/start-run/ HTTP/1.1" 201 17
[29/Mar/2026 16:35:09] "POST /api/update-location/ HTTP/1.1" 200 124
Bad Request: /api/update-location/
[29/Mar/2026 16:35:09] "POST /api/update-location/ HTTP/1.1" 400 60
[29/Mar/2026 16:35:09] "POST /api/update-location/ HTTP/1.1" 200 125
[29/Mar/2026 16:35:10] "POST /api/start-run/ HTTP/1.1" 201 17
[29/Mar/2026 16:35:10] "POST /api/start-run/ HTTP/1.1" 201 17
[29/Mar/2026 16:35:11] "POST /api/end-run/ HTTP/1.1" 200 602
Bad Request: /api/update-location/
[29/Mar/2026 16:35:12] "POST /api/update-location/ HTTP/1.1" 400 60
[29/Mar/2026 16:35:12] "POST /api/start-run/ HTTP/1.1" 201 17
Bad Request: /api/update-location/
[29/Mar/2026 16:35:13] "POST /api/update-location/ HTTP/1.1" 400 60
[29/Mar/2026 16:35:14] "POST /api/start-run/ HTTP/1.1" 201 17
[29/Mar/2026 16:35:14] "POST /api/start-run/ HTTP/1.1" 201 17
[29/Mar/2026 16:35:14] "POST /api/start-run/ HTTP/1.1" 201 17
[29/Mar/2026 16:35:15] "POST /api/update-location/ HTTP/1.1" 200 124
[29/Mar/2026 16:35:15] "POST /api/update-location/ HTTP/1.1" 200 124
[29/Mar/2026 16:35:16] "POST /api/start-run/ HTTP/1.1" 201 17
[29/Mar/2026 16:35:16] "POST /api/update-location/ HTTP/1.1" 200 124
Bad Request: /api/update-location/
[29/Mar/2026 16:35:17] "POST /api/update-location/ HTTP/1.1" 400 60
[29/Mar/2026 16:35:17] "POST /api/start-run/ HTTP/1.1" 201 17
[29/Mar/2026 16:35:18] "POST /api/end-run/ HTTP/1.1" 200 600
[29/Mar/2026 16:35:18] "POST /api/update-location/ HTTP/1.1" 200 124
[29/Mar/2026 16:35:19] "POST /api/start-run/ HTTP/1.1" 201 17
Bad Request: /api/update-location/
[29/Mar/2026 16:35:20] "POST /api/update-location/ HTTP/1.1" 400 60
[29/Mar/2026 16:35:20] "POST /api/update-location/ HTTP/1.1" 200 125
[29/Mar/2026 16:35:20] "POST /api/update-location/ HTTP/1.1" 200 125
[29/Mar/2026 16:35:21] "POST /api/start-run/ HTTP/1.1" 201 17
[29/Mar/2026 16:35:21] "POST /api/update-location/ HTTP/1.1" 200 124
[29/Mar/2026 16:35:22] "POST /api/update-location/ HTTP/1.1" 200 124
[29/Mar/2026 16:35:23] "POST /api/update-location/ HTTP/1.1" 200 125
[29/Mar/2026 16:35:23] "POST /api/update-location/ HTTP/1.1" 200 124
[29/Mar/2026 16:35:24] "POST /api/update-location/ HTTP/1.1" 200 124
[29/Mar/2026 16:35:24] "POST /api/start-run/ HTTP/1.1" 201 17
Bad Request: /api/update-location/
[29/Mar/2026 16:35:25] "POST /api/update-location/ HTTP/1.1" 400 60
[29/Mar/2026 16:35:25] "POST /api/update-location/ HTTP/1.1" 200 125
[29/Mar/2026 16:35:26] "POST /api/start-run/ HTTP/1.1" 201 17
[29/Mar/2026 16:35:26] "POST /api/update-location/ HTTP/1.1" 200 124
[29/Mar/2026 16:35:27] "POST /api/update-location/ HTTP/1.1" 200 124
[29/Mar/2026 16:35:27] "POST /api/start-run/ HTTP/1.1" 201 17
[29/Mar/2026 16:35:27] "POST /api/update-location/ HTTP/1.1" 200 124
[29/Mar/2026 16:35:28] "POST /api/end-run/ HTTP/1.1" 200 601
[29/Mar/2026 16:35:29] "POST /api/end-run/ HTTP/1.1" 200 603
Bad Request: /api/update-location/
[29/Mar/2026 16:35:29] "POST /api/update-location/ HTTP/1.1" 400 60
[29/Mar/2026 16:35:30] "POST /api/start-run/ HTTP/1.1" 201 17
[29/Mar/2026 16:35:30] "POST /api/update-location/ HTTP/1.1" 200 124
[29/Mar/2026 16:35:31] "POST /api/start-run/ HTTP/1.1" 201 17
[29/Mar/2026 16:35:32] "POST /api/start-run/ HTTP/1.1" 201 17
[29/Mar/2026 16:35:32] "POST /api/update-location/ HTTP/1.1" 200 125
[29/Mar/2026 16:35:33] "POST /api/start-run/ HTTP/1.1" 201 17
[29/Mar/2026 16:35:33] "POST /api/end-run/ HTTP/1.1" 200 603
Bad Request: /api/update-location/
[29/Mar/2026 16:35:33] "POST /api/update-location/ HTTP/1.1" 400 60
[29/Mar/2026 16:35:34] "POST /api/start-run/ HTTP/1.1" 201 17
Bad Request: /api/end-run/
[29/Mar/2026 16:35:34] "POST /api/end-run/ HTTP/1.1" 400 41
[29/Mar/2026 16:35:35] "POST /api/update-location/ HTTP/1.1" 200 124
[29/Mar/2026 16:35:35] "POST /api/start-run/ HTTP/1.1" 201 17
[29/Mar/2026 16:35:36] "POST /api/update-location/ HTTP/1.1" 200 124
[29/Mar/2026 16:35:36] "POST /api/start-run/ HTTP/1.1" 201 17
[29/Mar/2026 16:35:37] "POST /api/end-run/ HTTP/1.1" 200 601
Bad Request: /api/update-location/
[29/Mar/2026 16:35:37] "POST /api/update-location/ HTTP/1.1" 400 60
[29/Mar/2026 16:35:38] "POST /api/start-run/ HTTP/1.1" 201 17
[29/Mar/2026 16:35:38] "POST /api/start-run/ HTTP/1.1" 201 17
[29/Mar/2026 16:35:38] "POST /api/update-location/ HTTP/1.1" 200 124
[29/Mar/2026 16:35:39] "POST /api/start-run/ HTTP/1.1" 201 17
[29/Mar/2026 16:35:39] "POST /api/update-location/ HTTP/1.1" 200 125
[29/Mar/2026 16:35:40] "POST /api/update-location/ HTTP/1.1" 200 125
[29/Mar/2026 16:35:40] "POST /api/start-run/ HTTP/1.1" 201 17
[29/Mar/2026 16:35:41] "POST /api/end-run/ HTTP/1.1" 200 603
Bad Request: /api/update-location/
[29/Mar/2026 16:35:41] "POST /api/update-location/ HTTP/1.1" 400 60
[29/Mar/2026 16:35:42] "POST /api/start-run/ HTTP/1.1" 201 17
Bad Request: /api/update-location/
[29/Mar/2026 16:35:42] "POST /api/update-location/ HTTP/1.1" 400 60
[29/Mar/2026 16:35:43] "POST /api/start-run/ HTTP/1.1" 201 17
Bad Request: /api/update-location/
[29/Mar/2026 16:35:43] "POST /api/update-location/ HTTP/1.1" 400 60
[29/Mar/2026 16:35:43] "POST /api/start-run/ HTTP/1.1" 201 17
[29/Mar/2026 16:35:44] "POST /api/update-location/ HTTP/1.1" 200 124
Bad Request: /api/update-location/
[29/Mar/2026 16:35:45] "POST /api/update-location/ HTTP/1.1" 400 60
[29/Mar/2026 16:35:45] "POST /api/update-location/ HTTP/1.1" 200 125
[29/Mar/2026 16:35:45] "POST /api/update-location/ HTTP/1.1" 200 125
[29/Mar/2026 16:35:46] "POST /api/start-run/ HTTP/1.1" 201 17
Bad Request: /api/update-location/
[29/Mar/2026 16:35:47] "POST /api/update-location/ HTTP/1.1" 400 60
[29/Mar/2026 16:35:47] "POST /api/update-location/ HTTP/1.1" 200 125
[29/Mar/2026 16:35:48] "POST /api/start-run/ HTTP/1.1" 201 17
[29/Mar/2026 16:35:48] "POST /api/end-run/ HTTP/1.1" 200 603
Bad Request: /api/update-location/
[29/Mar/2026 16:35:49] "POST /api/update-location/ HTTP/1.1" 400 60
[29/Mar/2026 16:35:49] "POST /api/start-run/ HTTP/1.1" 201 17
Bad Request: /api/update-location/
[29/Mar/2026 16:35:49] "POST /api/update-location/ HTTP/1.1" 400 60
[29/Mar/2026 16:35:50] "POST /api/start-run/ HTTP/1.1" 201 17
Bad Request: /api/end-run/
[29/Mar/2026 16:35:50] "POST /api/end-run/ HTTP/1.1" 400 41
Bad Request: /api/update-location/
[29/Mar/2026 16:35:51] "POST /api/update-location/ HTTP/1.1" 400 60
[29/Mar/2026 16:35:51] "POST /api/start-run/ HTTP/1.1" 201 17
Bad Request: /api/update-location/
[29/Mar/2026 16:35:52] "POST /api/update-location/ HTTP/1.1" 400 60
[29/Mar/2026 16:35:52] "POST /api/update-location/ HTTP/1.1" 200 124
[29/Mar/2026 16:35:53] "POST /api/update-location/ HTTP/1.1" 200 124
[29/Mar/2026 16:35:53] "POST /api/start-run/ HTTP/1.1" 201 17
[29/Mar/2026 16:35:53] "POST /api/start-run/ HTTP/1.1" 201 17
[29/Mar/2026 16:35:54] "POST /api/end-run/ HTTP/1.1" 200 602
Bad Request: /api/update-location/
[29/Mar/2026 16:35:54] "POST /api/update-location/ HTTP/1.1" 400 60
[29/Mar/2026 16:35:55] "POST /api/start-run/ HTTP/1.1" 201 17
Bad Request: /api/end-run/
[29/Mar/2026 16:35:56] "POST /api/end-run/ HTTP/1.1" 400 41
[29/Mar/2026 16:35:56] "POST /api/start-run/ HTTP/1.1" 201 17
[29/Mar/2026 16:35:56] "POST /api/update-location/ HTTP/1.1" 200 124
[29/Mar/2026 16:35:57] "POST /api/start-run/ HTTP/1.1" 201 17
[29/Mar/2026 16:35:57] "POST /api/update-location/ HTTP/1.1" 200 125
[29/Mar/2026 16:35:58] "POST /api/update-location/ HTTP/1.1" 200 125
[29/Mar/2026 16:35:58] "POST /api/start-run/ HTTP/1.1" 201 17
[29/Mar/2026 16:35:59] "POST /api/end-run/ HTTP/1.1" 200 603
Bad Request: /api/update-location/
[29/Mar/2026 16:35:59] "POST /api/update-location/ HTTP/1.1" 400 60
[29/Mar/2026 16:36:00] "POST /api/start-run/ HTTP/1.1" 201 17
[29/Mar/2026 16:36:00] "POST /api/update-location/ HTTP/1.1" 200 124
[29/Mar/2026 16:36:01] "POST /api/start-run/ HTTP/1.1" 201 17
[29/Mar/2026 16:36:01] "POST /api/update-location/ HTTP/1.1" 200 125
[29/Mar/2026 16:36:02] "POST /api/update-location/ HTTP/1.1" 200 125
[29/Mar/2026 16:36:02] "POST /api/start-run/ HTTP/1.1" 201 17
[29/Mar/2026 16:36:02] "POST /api/end-run/ HTTP/1.1" 200 603
[29/Mar/2026 16:36:03] "POST /api/start-run/ HTTP/1.1" 201 17
Bad Request: /api/update-location/
[29/Mar/2026 16:36:03] "POST /api/update-location/ HTTP/1.1" 400 60
Bad Request: /api/end-run/
[29/Mar/2026 16:36:04] "POST /api/end-run/ HTTP/1.1" 400 41
[29/Mar/2026 16:36:04] "POST /api/update-location/ HTTP/1.1" 200 124
[29/Mar/2026 16:36:04] "POST /api/update-location/ HTTP/1.1" 200 125
[29/Mar/2026 16:36:04] "OPTIONS /api/profile/ HTTP/1.1" 200 0
[29/Mar/2026 16:36:05] "GET /api/profile/ HTTP/1.1" 200 2277
[29/Mar/2026 16:36:05] "POST /api/update-location/ HTTP/1.1" 200 125
[29/Mar/2026 16:36:05] "POST /api/start-run/ HTTP/1.1" 201 17
Bad Request: /api/update-location/
[29/Mar/2026 16:36:06] "POST /api/update-location/ HTTP/1.1" 400 60
[29/Mar/2026 16:36:06] "POST /api/start-run/ HTTP/1.1" 201 17
[29/Mar/2026 16:36:07] "POST /api/update-location/ HTTP/1.1" 200 124
[29/Mar/2026 16:36:07] "POST /api/start-run/ HTTP/1.1" 201 18
[29/Mar/2026 16:36:08] "POST /api/update-location/ HTTP/1.1" 200 125
[29/Mar/2026 16:36:08] "POST /api/update-location/ HTTP/1.1" 200 125
[29/Mar/2026 16:36:09] "POST /api/start-run/ HTTP/1.1" 201 18
[29/Mar/2026 16:36:09] "POST /api/update-location/ HTTP/1.1" 200 124
[29/Mar/2026 16:36:10] "POST /api/start-run/ HTTP/1.1" 201 18
[29/Mar/2026 16:36:10] "POST /api/end-run/ HTTP/1.1" 200 601
Bad Request: /api/update-location/
[29/Mar/2026 16:36:11] "POST /api/update-location/ HTTP/1.1" 400 60
[29/Mar/2026 16:36:11] "POST /api/start-run/ HTTP/1.1" 201 18
Bad Request: /api/update-location/
[29/Mar/2026 16:36:11] "POST /api/update-location/ HTTP/1.1" 400 60
Bad Request: /api/update-location/
[29/Mar/2026 16:36:12] "POST /api/update-location/ HTTP/1.1" 400 60
[29/Mar/2026 16:36:12] "POST /api/start-run/ HTTP/1.1" 201 18
[29/Mar/2026 16:36:13] "POST /api/update-location/ HTTP/1.1" 200 124
[29/Mar/2026 16:36:13] "POST /api/start-run/ HTTP/1.1" 201 18
[29/Mar/2026 16:36:14] "POST /api/update-location/ HTTP/1.1" 200 124
[29/Mar/2026 16:36:14] "POST /api/end-run/ HTTP/1.1" 200 601
[29/Mar/2026 16:36:15] "POST /api/update-location/ HTTP/1.1" 200 124
[29/Mar/2026 16:36:15] "POST /api/start-run/ HTTP/1.1" 201 18
[29/Mar/2026 16:36:16] "POST /api/update-location/ HTTP/1.1" 200 125
[29/Mar/2026 16:36:16] "POST /api/update-location/ HTTP/1.1" 200 125
[29/Mar/2026 16:36:17] "POST /api/start-run/ HTTP/1.1" 201 18
[29/Mar/2026 16:36:17] "POST /api/update-location/ HTTP/1.1" 200 124
[29/Mar/2026 16:36:17] "POST /api/start-run/ HTTP/1.1" 201 18
[29/Mar/2026 16:36:18] "POST /api/update-location/ HTTP/1.1" 200 125
[29/Mar/2026 16:36:18] "POST /api/update-location/ HTTP/1.1" 200 125
[29/Mar/2026 16:36:19] "POST /api/start-run/ HTTP/1.1" 201 18
[29/Mar/2026 16:36:19] "POST /api/end-run/ HTTP/1.1" 200 603
Bad Request: /api/update-location/
[29/Mar/2026 16:36:20] "POST /api/update-location/ HTTP/1.1" 400 60
[29/Mar/2026 16:36:20] "POST /api/start-run/ HTTP/1.1" 201 18
[29/Mar/2026 16:36:21] "POST /api/update-location/ HTTP/1.1" 200 124
[29/Mar/2026 16:36:21] "POST /api/start-run/ HTTP/1.1" 201 18
[29/Mar/2026 16:36:21] "POST /api/update-location/ HTTP/1.1" 200 125
[29/Mar/2026 16:36:22] "POST /api/update-location/ HTTP/1.1" 200 125
[29/Mar/2026 16:36:23] "POST /api/start-run/ HTTP/1.1" 201 18
[29/Mar/2026 16:36:23] "POST /api/update-location/ HTTP/1.1" 200 125
[29/Mar/2026 16:36:23] "POST /api/end-run/ HTTP/1.1" 200 603
[29/Mar/2026 16:36:24] "POST /api/start-run/ HTTP/1.1" 201 18
[29/Mar/2026 16:36:25] "POST /api/update-location/ HTTP/1.1" 200 124
[29/Mar/2026 16:36:25] "POST /api/update-location/ HTTP/1.1" 200 125
[29/Mar/2026 16:36:25] "POST /api/update-location/ HTTP/1.1" 200 125
[29/Mar/2026 16:36:26] "POST /api/update-location/ HTTP/1.1" 200 125
[29/Mar/2026 16:36:26] "POST /api/start-run/ HTTP/1.1" 201 18
[29/Mar/2026 16:36:26] "POST /api/end-run/ HTTP/1.1" 200 603
[29/Mar/2026 16:36:27] "POST /api/start-run/ HTTP/1.1" 201 18
[29/Mar/2026 16:36:28] "POST /api/start-run/ HTTP/1.1" 201 18
[29/Mar/2026 16:36:28] "POST /api/update-location/ HTTP/1.1" 200 124
[29/Mar/2026 16:36:29] "POST /api/start-run/ HTTP/1.1" 201 18
[29/Mar/2026 16:36:29] "POST /api/update-location/ HTTP/1.1" 200 125
[29/Mar/2026 16:36:30] "POST /api/update-location/ HTTP/1.1" 200 125
[29/Mar/2026 16:36:31] "POST /api/update-location/ HTTP/1.1" 200 125
Bad Request: /api/update-location/
[29/Mar/2026 16:36:31] "POST /api/update-location/ HTTP/1.1" 400 60
[29/Mar/2026 16:36:32] "POST /api/start-run/ HTTP/1.1" 201 18
Bad Request: /api/update-location/
[29/Mar/2026 16:36:32] "POST /api/update-location/ HTTP/1.1" 400 60
[29/Mar/2026 16:36:33] "POST /api/end-run/ HTTP/1.1" 200 603
[29/Mar/2026 16:36:33] "POST /api/start-run/ HTTP/1.1" 201 18
Bad Request: /api/update-location/
[29/Mar/2026 16:36:34] "POST /api/update-location/ HTTP/1.1" 400 60
Bad Request: /api/update-location/
[29/Mar/2026 16:36:34] "POST /api/update-location/ HTTP/1.1" 400 60
[29/Mar/2026 16:36:34] "POST /api/update-location/ HTTP/1.1" 200 124
[29/Mar/2026 16:36:35] "POST /api/start-run/ HTTP/1.1" 201 18
[29/Mar/2026 16:36:35] "POST /api/update-location/ HTTP/1.1" 200 125
[29/Mar/2026 16:36:36] "POST /api/end-run/ HTTP/1.1" 200 603
[29/Mar/2026 16:36:36] "POST /api/start-run/ HTTP/1.1" 201 18
[29/Mar/2026 16:36:37] "POST /api/update-location/ HTTP/1.1" 200 124
[29/Mar/2026 16:36:37] "POST /api/update-location/ HTTP/1.1" 200 124
[29/Mar/2026 16:36:38] "POST /api/start-run/ HTTP/1.1" 201 18
[29/Mar/2026 16:36:38] "POST /api/start-run/ HTTP/1.1" 201 18
[29/Mar/2026 16:36:39] "POST /api/end-run/ HTTP/1.1" 200 601
[29/Mar/2026 16:36:39] "POST /api/start-run/ HTTP/1.1" 201 18
[29/Mar/2026 16:36:40] "POST /api/update-location/ HTTP/1.1" 200 124
[29/Mar/2026 16:36:40] "POST /api/end-run/ HTTP/1.1" 200 601
[29/Mar/2026 16:36:41] "POST /api/start-run/ HTTP/1.1" 201 18
[29/Mar/2026 16:36:41] "POST /api/update-location/ HTTP/1.1" 200 124
[29/Mar/2026 16:36:42] "POST /api/start-run/ HTTP/1.1" 201 18
[29/Mar/2026 16:36:42] "POST /api/start-run/ HTTP/1.1" 201 18
[29/Mar/2026 16:36:43] "POST /api/end-run/ HTTP/1.1" 200 601
Bad Request: /api/update-location/
[29/Mar/2026 16:36:43] "POST /api/update-location/ HTTP/1.1" 400 60
Bad Request: /api/update-location/
[29/Mar/2026 16:36:44] "POST /api/update-location/ HTTP/1.1" 400 60
Bad Request: /api/end-run/
[29/Mar/2026 16:36:44] "POST /api/end-run/ HTTP/1.1" 400 41
[29/Mar/2026 16:36:44] "POST /api/start-run/ HTTP/1.1" 201 18
Bad Request: /api/end-run/
[29/Mar/2026 16:36:45] "POST /api/end-run/ HTTP/1.1" 400 41
Bad Request: /api/update-location/
[29/Mar/2026 16:36:45] "POST /api/update-location/ HTTP/1.1" 400 60
[29/Mar/2026 16:36:46] "POST /api/start-run/ HTTP/1.1" 201 18
Bad Request: /api/update-location/
[29/Mar/2026 16:36:46] "POST /api/update-location/ HTTP/1.1" 400 60
[29/Mar/2026 16:36:47] "POST /api/start-run/ HTTP/1.1" 201 18
[29/Mar/2026 16:36:47] "POST /api/update-location/ HTTP/1.1" 200 124
[29/Mar/2026 16:36:48] "POST /api/start-run/ HTTP/1.1" 201 18
[29/Mar/2026 16:36:48] "POST /api/update-location/ HTTP/1.1" 200 124
[29/Mar/2026 16:36:49] "POST /api/end-run/ HTTP/1.1" 200 601
Bad Request: /api/update-location/
[29/Mar/2026 16:36:49] "POST /api/update-location/ HTTP/1.1" 400 60
Bad Request: /api/update-location/
[29/Mar/2026 16:36:50] "POST /api/update-location/ HTTP/1.1" 400 60
[29/Mar/2026 16:36:50] "POST /api/start-run/ HTTP/1.1" 201 18
[29/Mar/2026 16:36:51] "POST /api/update-location/ HTTP/1.1" 200 124
Bad Request: /api/update-location/
[29/Mar/2026 16:36:51] "POST /api/update-location/ HTTP/1.1" 400 60
[29/Mar/2026 16:36:52] "POST /api/start-run/ HTTP/1.1" 201 18
[29/Mar/2026 16:36:52] "POST /api/end-run/ HTTP/1.1" 200 601
Bad Request: /api/update-location/
[29/Mar/2026 16:36:52] "POST /api/update-location/ HTTP/1.1" 400 60
[29/Mar/2026 16:36:53] "POST /api/update-location/ HTTP/1.1" 200 124
[29/Mar/2026 16:36:54] "POST /api/start-run/ HTTP/1.1" 201 18
[29/Mar/2026 16:36:54] "POST /api/update-location/ HTTP/1.1" 200 125
[29/Mar/2026 16:36:54] "POST /api/start-run/ HTTP/1.1" 201 18
[29/Mar/2026 16:36:55] "POST /api/end-run/ HTTP/1.1" 200 603
[29/Mar/2026 16:36:55] "POST /api/update-location/ HTTP/1.1" 200 124
[29/Mar/2026 16:36:56] "POST /api/start-run/ HTTP/1.1" 201 18
Bad Request: /api/update-location/
[29/Mar/2026 16:36:57] "POST /api/update-location/ HTTP/1.1" 400 60
[29/Mar/2026 16:36:57] "POST /api/update-location/ HTTP/1.1" 200 125
[29/Mar/2026 16:36:58] "POST /api/start-run/ HTTP/1.1" 201 18
[29/Mar/2026 16:36:58] "POST /api/update-location/ HTTP/1.1" 200 125
[29/Mar/2026 16:36:59] "POST /api/end-run/ HTTP/1.1" 200 603
[29/Mar/2026 16:37:00] "POST /api/start-run/ HTTP/1.1" 201 18
[29/Mar/2026 16:37:00] "POST /api/update-location/ HTTP/1.1" 200 124
[29/Mar/2026 16:37:01] "POST /api/start-run/ HTTP/1.1" 201 18
[29/Mar/2026 16:37:01] "POST /api/update-location/ HTTP/1.1" 200 124
[29/Mar/2026 16:37:02] "POST /api/start-run/ HTTP/1.1" 201 18
[29/Mar/2026 16:37:02] "POST /api/end-run/ HTTP/1.1" 200 601
Bad Request: /api/update-location/
[29/Mar/2026 16:37:02] "POST /api/update-location/ HTTP/1.1" 400 60
[29/Mar/2026 16:37:03] "POST /api/start-run/ HTTP/1.1" 201 18
Bad Request: /api/update-location/
[29/Mar/2026 16:37:04] "POST /api/update-location/ HTTP/1.1" 400 60
[29/Mar/2026 16:37:04] "POST /api/update-location/ HTTP/1.1" 200 124
[29/Mar/2026 16:37:05] "POST /api/start-run/ HTTP/1.1" 201 18
[29/Mar/2026 16:37:05] "POST /api/update-location/ HTTP/1.1" 200 125
[29/Mar/2026 16:37:06] "POST /api/update-location/ HTTP/1.1" 200 125
[29/Mar/2026 16:37:06] "POST /api/start-run/ HTTP/1.1" 201 18
[29/Mar/2026 16:37:07] "POST /api/update-location/ HTTP/1.1" 200 124
[29/Mar/2026 16:37:07] "POST /api/update-location/ HTTP/1.1" 200 124
[29/Mar/2026 16:37:08] "POST /api/start-run/ HTTP/1.1" 201 18
[29/Mar/2026 16:37:08] "POST /api/update-location/ HTTP/1.1" 200 124
[29/Mar/2026 16:37:08] "POST /api/end-run/ HTTP/1.1" 200 601
[29/Mar/2026 16:37:09] "POST /api/update-location/ HTTP/1.1" 200 124
[29/Mar/2026 16:37:09] "POST /api/start-run/ HTTP/1.1" 201 18
[29/Mar/2026 16:37:10] "POST /api/update-location/ HTTP/1.1" 200 125
[29/Mar/2026 16:37:10] "POST /api/start-run/ HTTP/1.1" 201 18
[29/Mar/2026 16:37:11] "POST /api/update-location/ HTTP/1.1" 200 125
[29/Mar/2026 16:37:11] "POST /api/update-location/ HTTP/1.1" 200 124
[29/Mar/2026 16:37:12] "POST /api/start-run/ HTTP/1.1" 201 18
[29/Mar/2026 16:37:12] "POST /api/update-location/ HTTP/1.1" 200 125
[29/Mar/2026 16:37:13] "POST /api/update-location/ HTTP/1.1" 200 125
[29/Mar/2026 16:37:13] "POST /api/start-run/ HTTP/1.1" 201 18
[29/Mar/2026 16:37:14] "POST /api/end-run/ HTTP/1.1" 200 603
Bad Request: /api/update-location/
[29/Mar/2026 16:37:14] "POST /api/update-location/ HTTP/1.1" 400 60
[29/Mar/2026 16:37:15] "POST /api/start-run/ HTTP/1.1" 201 18
[29/Mar/2026 16:37:15] "POST /api/update-location/ HTTP/1.1" 200 125
[29/Mar/2026 16:37:16] "POST /api/update-location/ HTTP/1.1" 200 124
[29/Mar/2026 16:37:16] "POST /api/start-run/ HTTP/1.1" 201 18
[29/Mar/2026 16:37:17] "POST /api/update-location/ HTTP/1.1" 200 124
[29/Mar/2026 16:37:17] "POST /api/start-run/ HTTP/1.1" 201 18
[29/Mar/2026 16:37:18] "POST /api/update-location/ HTTP/1.1" 200 124
[29/Mar/2026 16:37:18] "POST /api/end-run/ HTTP/1.1" 200 601
[29/Mar/2026 16:37:18] "POST /api/start-run/ HTTP/1.1" 201 18
[29/Mar/2026 16:37:19] "POST /api/start-run/ HTTP/1.1" 201 18
[29/Mar/2026 16:37:19] "POST /api/start-run/ HTTP/1.1" 201 18
[29/Mar/2026 16:37:20] "POST /api/update-location/ HTTP/1.1" 200 124
Bad Request: /api/update-location/
[29/Mar/2026 16:37:21] "POST /api/update-location/ HTTP/1.1" 400 60
[29/Mar/2026 16:37:21] "POST /api/end-run/ HTTP/1.1" 200 601
[29/Mar/2026 16:37:21] "POST /api/start-run/ HTTP/1.1" 201 18
Bad Request: /api/update-location/
[29/Mar/2026 16:37:22] "POST /api/update-location/ HTTP/1.1" 400 60
[29/Mar/2026 16:37:22] "POST /api/start-run/ HTTP/1.1" 201 18
Bad Request: /api/update-location/
[29/Mar/2026 16:37:23] "POST /api/update-location/ HTTP/1.1" 400 60
[29/Mar/2026 16:37:23] "POST /api/end-run/ HTTP/1.1" 200 601
[29/Mar/2026 16:37:24] "POST /api/start-run/ HTTP/1.1" 201 18
Bad Request: /api/update-location/
[29/Mar/2026 16:37:24] "POST /api/update-location/ HTTP/1.1" 400 60
[29/Mar/2026 16:37:25] "POST /api/start-run/ HTTP/1.1" 201 18
Bad Request: /api/update-location/
[29/Mar/2026 16:37:25] "POST /api/update-location/ HTTP/1.1" 400 60
[29/Mar/2026 16:37:26] "POST /api/start-run/ HTTP/1.1" 201 18
[29/Mar/2026 16:37:26] "POST /api/update-location/ HTTP/1.1" 200 124
[29/Mar/2026 16:37:27] "POST /api/update-location/ HTTP/1.1" 200 124
[29/Mar/2026 16:37:27] "POST /api/start-run/ HTTP/1.1" 201 18
[29/Mar/2026 16:37:27] "POST /api/update-location/ HTTP/1.1" 200 124
[29/Mar/2026 16:37:28] "POST /api/end-run/ HTTP/1.1" 200 601
Bad Request: /api/update-location/
[29/Mar/2026 16:37:29] "POST /api/update-location/ HTTP/1.1" 400 60
Bad Request: /api/update-location/
[29/Mar/2026 16:37:29] "POST /api/update-location/ HTTP/1.1" 400 60
Bad Request: /api/update-location/
[29/Mar/2026 16:37:30] "POST /api/update-location/ HTTP/1.1" 400 60
[29/Mar/2026 16:37:30] "POST /api/end-run/ HTTP/1.1" 200 601
Bad Request: /api/update-location/
[29/Mar/2026 16:37:31] "POST /api/update-location/ HTTP/1.1" 400 60
Bad Request: /api/update-location/
[29/Mar/2026 16:37:31] "POST /api/update-location/ HTTP/1.1" 400 60
[29/Mar/2026 16:37:32] "POST /api/start-run/ HTTP/1.1" 201 18
[29/Mar/2026 16:37:32] "POST /api/update-location/ HTTP/1.1" 200 124
[29/Mar/2026 16:37:33] "POST /api/start-run/ HTTP/1.1" 201 18
[29/Mar/2026 16:37:33] "POST /api/update-location/ HTTP/1.1" 200 125
[29/Mar/2026 16:37:34] "POST /api/start-run/ HTTP/1.1" 201 18
[29/Mar/2026 16:37:35] "POST /api/start-run/ HTTP/1.1" 201 18
[29/Mar/2026 16:37:35] "POST /api/update-location/ HTTP/1.1" 200 125
[29/Mar/2026 16:37:35] "POST /api/end-run/ HTTP/1.1" 200 603
[29/Mar/2026 16:37:37] "POST /api/start-run/ HTTP/1.1" 201 18
Bad Request: /api/update-location/
[29/Mar/2026 16:37:37] "POST /api/update-location/ HTTP/1.1" 400 60
Bad Request: /api/update-location/
[29/Mar/2026 16:37:37] "POST /api/update-location/ HTTP/1.1" 400 60
Bad Request: /api/end-run/
[29/Mar/2026 16:37:38] "POST /api/end-run/ HTTP/1.1" 400 41
[29/Mar/2026 16:37:39] "POST /api/start-run/ HTTP/1.1" 201 18
Bad Request: /api/end-run/
[29/Mar/2026 16:37:39] "POST /api/end-run/ HTTP/1.1" 400 41
Bad Request: /api/update-location/
[29/Mar/2026 16:37:40] "POST /api/update-location/ HTTP/1.1" 400 60
[29/Mar/2026 16:37:40] "POST /api/start-run/ HTTP/1.1" 201 18
[29/Mar/2026 16:37:41] "POST /api/update-location/ HTTP/1.1" 200 124
[29/Mar/2026 16:37:41] "POST /api/start-run/ HTTP/1.1" 201 18
[29/Mar/2026 16:37:41] "POST /api/update-location/ HTTP/1.1" 200 125
[29/Mar/2026 16:37:42] "POST /api/start-run/ HTTP/1.1" 201 18
[29/Mar/2026 16:37:42] "POST /api/update-location/ HTTP/1.1" 200 125
[29/Mar/2026 16:37:43] "POST /api/update-location/ HTTP/1.1" 200 125
[29/Mar/2026 16:37:43] "POST /api/end-run/ HTTP/1.1" 200 603
[29/Mar/2026 16:37:44] "POST /api/update-location/ HTTP/1.1" 200 124
[29/Mar/2026 16:37:44] "POST /api/start-run/ HTTP/1.1" 201 18
[29/Mar/2026 16:37:45] "POST /api/update-location/ HTTP/1.1" 200 124
[29/Mar/2026 16:37:45] "POST /api/start-run/ HTTP/1.1" 201 18
[29/Mar/2026 16:37:46] "GET /api/profile/ HTTP/1.1" 200 2286
[29/Mar/2026 16:37:46] "POST /api/start-run/ HTTP/1.1" 201 18
[29/Mar/2026 16:37:46] "POST /api/end-run/ HTTP/1.1" 200 602
Bad Request: /api/end-run/
[29/Mar/2026 16:37:47] "POST /api/end-run/ HTTP/1.1" 400 41
Bad Request: /api/end-run/
[29/Mar/2026 16:37:47] "POST /api/end-run/ HTTP/1.1" 400 41
Bad Request: /api/end-run/
[29/Mar/2026 16:37:48] "POST /api/end-run/ HTTP/1.1" 400 41
Bad Request: /api/end-run/
[29/Mar/2026 16:37:48] "POST /api/end-run/ HTTP/1.1" 400 41
Bad Request: /api/end-run/
[29/Mar/2026 16:37:49] "POST /api/end-run/ HTTP/1.1" 400 41
Bad Request: /api/end-run/
[29/Mar/2026 16:37:49] "POST /api/end-run/ HTTP/1.1" 400 41
Bad Request: /api/end-run/
[29/Mar/2026 16:37:50] "POST /api/end-run/ HTTP/1.1" 400 41
Bad Request: /api/end-run/
[29/Mar/2026 16:37:50] "POST /api/end-run/ HTTP/1.1" 400 41
Bad Request: /api/end-run/
[29/Mar/2026 16:37:51] "POST /api/end-run/ HTTP/1.1" 400 41
Bad Request: /api/end-run/
[29/Mar/2026 16:37:51] "POST /api/end-run/ HTTP/1.1" 400 41
Bad Request: /api/end-run/
[29/Mar/2026 16:37:51] "POST /api/end-run/ HTTP/1.1" 400 41
Bad Request: /api/end-run/
[29/Mar/2026 16:37:52] "POST /api/end-run/ HTTP/1.1" 400 41
Bad Request: /api/end-run/
[29/Mar/2026 16:37:52] "POST /api/end-run/ HTTP/1.1" 400 41
Bad Request: /api/end-run/
[29/Mar/2026 16:37:53] "POST /api/end-run/ HTTP/1.1" 400 41
Bad Request: /api/end-run/
[29/Mar/2026 16:37:53] "POST /api/end-run/ HTTP/1.1" 400 41
Bad Request: /api/end-run/
[29/Mar/2026 16:37:54] "POST /api/end-run/ HTTP/1.1" 400 41
Bad Request: /api/end-run/
[29/Mar/2026 16:37:54] "POST /api/end-run/ HTTP/1.1" 400 41
Bad Request: /api/end-run/
[29/Mar/2026 16:37:55] "POST /api/end-run/ HTTP/1.1" 400 41
Bad Request: /api/end-run/
[29/Mar/2026 16:37:55] "POST /api/end-run/ HTTP/1.1" 400 41
Bad Request: /api/end-run/
[29/Mar/2026 16:37:55] "POST /api/end-run/ HTTP/1.1" 400 41
Bad Request: /api/end-run/
[29/Mar/2026 16:37:56] "POST /api/end-run/ HTTP/1.1" 400 41
Bad Request: /api/end-run/
[29/Mar/2026 16:37:56] "POST /api/end-run/ HTTP/1.1" 400 41
Bad Request: /api/end-run/
[29/Mar/2026 16:37:57] "POST /api/end-run/ HTTP/1.1" 400 41
Bad Request: /api/end-run/
[29/Mar/2026 16:37:57] "POST /api/end-run/ HTTP/1.1" 400 41
Bad Request: /api/end-run/
[29/Mar/2026 16:37:58] "POST /api/end-run/ HTTP/1.1" 400 41
Bad Request: /api/end-run/
[29/Mar/2026 16:37:59] "POST /api/end-run/ HTTP/1.1" 400 41
Bad Request: /api/end-run/
[29/Mar/2026 16:38:00] "POST /api/end-run/ HTTP/1.1" 400 41
Bad Request: /api/end-run/
[29/Mar/2026 16:38:01] "POST /api/end-run/ HTTP/1.1" 400 41
Bad Request: /api/end-run/
[29/Mar/2026 16:38:01] "POST /api/end-run/ HTTP/1.1" 400 41
Bad Request: /api/end-run/
[29/Mar/2026 16:38:02] "POST /api/end-run/ HTTP/1.1" 400 41
Bad Request: /api/end-run/
[29/Mar/2026 16:38:02] "POST /api/end-run/ HTTP/1.1" 400 41
Bad Request: /api/end-run/
[29/Mar/2026 16:38:03] "POST /api/end-run/ HTTP/1.1" 400 41
Bad Request: /api/end-run/
[29/Mar/2026 16:38:03] "POST /api/end-run/ HTTP/1.1" 400 41
Bad Request: /api/end-run/
[29/Mar/2026 16:38:04] "POST /api/end-run/ HTTP/1.1" 400 41
Bad Request: /api/end-run/
[29/Mar/2026 16:38:04] "POST /api/end-run/ HTTP/1.1" 400 41
Bad Request: /api/end-run/
[29/Mar/2026 16:38:05] "POST /api/end-run/ HTTP/1.1" 400 41
Bad Request: /api/end-run/
[29/Mar/2026 16:38:05] "POST /api/end-run/ HTTP/1.1" 400 41
Bad Request: /api/end-run/
[29/Mar/2026 16:38:06] "POST /api/end-run/ HTTP/1.1" 400 41
Bad Request: /api/end-run/
[29/Mar/2026 16:38:06] "POST /api/end-run/ HTTP/1.1" 400 41
Bad Request: /api/end-run/
[29/Mar/2026 16:38:07] "POST /api/end-run/ HTTP/1.1" 400 41
Bad Request: /api/end-run/
[29/Mar/2026 16:38:08] "POST /api/end-run/ HTTP/1.1" 400 41
Bad Request: /api/end-run/
[29/Mar/2026 16:38:08] "POST /api/end-run/ HTTP/1.1" 400 41
Bad Request: /api/end-run/
[29/Mar/2026 16:38:09] "POST /api/end-run/ HTTP/1.1" 400 41
Bad Request: /api/end-run/
[29/Mar/2026 16:38:09] "POST /api/end-run/ HTTP/1.1" 400 41
Bad Request: /api/end-run/
[29/Mar/2026 16:38:10] "POST /api/end-run/ HTTP/1.1" 400 41
Bad Request: /api/end-run/
[29/Mar/2026 16:38:11] "POST /api/end-run/ HTTP/1.1" 400 41
Bad Request: /api/end-run/
[29/Mar/2026 16:38:11] "POST /api/end-run/ HTTP/1.1" 400 41
Bad Request: /api/end-run/
[29/Mar/2026 16:38:12] "POST /api/end-run/ HTTP/1.1" 400 41
Bad Request: /api/end-run/
[29/Mar/2026 16:38:12] "POST /api/end-run/ HTTP/1.1" 400 41
Bad Request: /api/end-run/
[29/Mar/2026 16:38:12] "POST /api/end-run/ HTTP/1.1" 400 41
Bad Request: /api/end-run/
[29/Mar/2026 16:38:13] "POST /api/end-run/ HTTP/1.1" 400 41
Bad Request: /api/end-run/
[29/Mar/2026 16:38:13] "POST /api/end-run/ HTTP/1.1" 400 41
Bad Request: /api/end-run/
[29/Mar/2026 16:38:14] "POST /api/end-run/ HTTP/1.1" 400 41
Bad Request: /api/end-run/
[29/Mar/2026 16:38:14] "POST /api/end-run/ HTTP/1.1" 400 41
Bad Request: /api/end-run/
[29/Mar/2026 16:38:15] "POST /api/end-run/ HTTP/1.1" 400 41
Bad Request: /api/end-run/
[29/Mar/2026 16:38:15] "POST /api/end-run/ HTTP/1.1" 400 41
Bad Request: /api/end-run/
[29/Mar/2026 16:38:15] "POST /api/end-run/ HTTP/1.1" 400 41
Bad Request: /api/end-run/
[29/Mar/2026 16:38:16] "POST /api/end-run/ HTTP/1.1" 400 41
Bad Request: /api/end-run/
[29/Mar/2026 16:38:16] "POST /api/end-run/ HTTP/1.1" 400 41
Bad Request: /api/end-run/
[29/Mar/2026 16:38:17] "POST /api/end-run/ HTTP/1.1" 400 41
Bad Request: /api/end-run/
[29/Mar/2026 16:38:17] "POST /api/end-run/ HTTP/1.1" 400 41
Bad Request: /api/end-run/
[29/Mar/2026 16:38:18] "POST /api/end-run/ HTTP/1.1" 400 41
Bad Request: /api/end-run/
[29/Mar/2026 16:38:18] "POST /api/end-run/ HTTP/1.1" 400 41
Bad Request: /api/end-run/
[29/Mar/2026 16:38:19] "POST /api/end-run/ HTTP/1.1" 400 41
Bad Request: /api/end-run/
[29/Mar/2026 16:38:19] "POST /api/end-run/ HTTP/1.1" 400 41
Bad Request: /api/end-run/
[29/Mar/2026 16:38:20] "POST /api/end-run/ HTTP/1.1" 400 41
Bad Request: /api/end-run/
[29/Mar/2026 16:38:20] "POST /api/end-run/ HTTP/1.1" 400 41
Bad Request: /api/end-run/
[29/Mar/2026 16:38:21] "POST /api/end-run/ HTTP/1.1" 400 41
Bad Request: /api/end-run/
[29/Mar/2026 16:38:21] "POST /api/end-run/ HTTP/1.1" 400 41
Bad Request: /api/end-run/
[29/Mar/2026 16:38:21] "POST /api/end-run/ HTTP/1.1" 400 41
Bad Request: /api/end-run/
[29/Mar/2026 16:38:22] "POST /api/end-run/ HTTP/1.1" 400 41
Bad Request: /api/end-run/
[29/Mar/2026 16:38:22] "POST /api/end-run/ HTTP/1.1" 400 41
Bad Request: /api/end-run/
[29/Mar/2026 16:38:24] "POST /api/end-run/ HTTP/1.1" 400 41
Bad Request: /api/end-run/
[29/Mar/2026 16:38:25] "POST /api/end-run/ HTTP/1.1" 400 41
[29/Mar/2026 16:45:56] "POST /api/start-run/ HTTP/1.1" 201 18
[29/Mar/2026 16:45:57] "POST /api/end-run/ HTTP/1.1" 200 601
[29/Mar/2026 16:45:58] "POST /api/start-run/ HTTP/1.1" 201 18
Bad Request: /api/update-location/
[29/Mar/2026 16:45:58] "POST /api/update-location/ HTTP/1.1" 400 60
Bad Request: /api/update-location/
[29/Mar/2026 16:45:58] "POST /api/update-location/ HTTP/1.1" 400 60
[29/Mar/2026 16:45:59] "POST /api/end-run/ HTTP/1.1" 200 601
[29/Mar/2026 16:46:00] "POST /api/start-run/ HTTP/1.1" 201 18
[29/Mar/2026 16:46:01] "POST /api/update-location/ HTTP/1.1" 200 124
Bad Request: /api/update-location/
[29/Mar/2026 16:46:01] "POST /api/update-location/ HTTP/1.1" 400 60
[29/Mar/2026 16:46:02] "POST /api/end-run/ HTTP/1.1" 200 601
[29/Mar/2026 16:46:02] "POST /api/start-run/ HTTP/1.1" 201 18
Bad Request: /api/end-run/
[29/Mar/2026 16:46:02] "POST /api/end-run/ HTTP/1.1" 400 41
[29/Mar/2026 16:46:03] "POST /api/update-location/ HTTP/1.1" 200 124
[29/Mar/2026 16:46:03] "POST /api/start-run/ HTTP/1.1" 201 18
[29/Mar/2026 16:46:04] "POST /api/end-run/ HTTP/1.1" 200 601
Bad Request: /api/update-location/
[29/Mar/2026 16:46:04] "POST /api/update-location/ HTTP/1.1" 400 60
[29/Mar/2026 16:46:05] "POST /api/start-run/ HTTP/1.1" 201 18
[29/Mar/2026 16:46:05] "POST /api/update-location/ HTTP/1.1" 200 124
[29/Mar/2026 16:46:05] "POST /api/start-run/ HTTP/1.1" 201 18
[29/Mar/2026 16:46:06] "POST /api/update-location/ HTTP/1.1" 200 125
[29/Mar/2026 16:46:06] "POST /api/update-location/ HTTP/1.1" 200 125
[29/Mar/2026 16:46:07] "POST /api/update-location/ HTTP/1.1" 200 125
[29/Mar/2026 16:46:07] "POST /api/update-location/ HTTP/1.1" 200 125
[29/Mar/2026 16:46:08] "POST /api/update-location/ HTTP/1.1" 200 125
[29/Mar/2026 16:46:08] "POST /api/start-run/ HTTP/1.1" 201 18
[29/Mar/2026 16:46:09] "POST /api/end-run/ HTTP/1.1" 200 603
[29/Mar/2026 16:46:09] "POST /api/update-location/ HTTP/1.1" 200 124
[29/Mar/2026 16:46:10] "POST /api/start-run/ HTTP/1.1" 201 18
[29/Mar/2026 16:46:10] "POST /api/end-run/ HTTP/1.1" 200 601
Bad Request: /api/update-location/
[29/Mar/2026 16:46:11] "POST /api/update-location/ HTTP/1.1" 400 60
[29/Mar/2026 16:46:11] "POST /api/start-run/ HTTP/1.1" 201 18
[29/Mar/2026 16:46:11] "POST /api/start-run/ HTTP/1.1" 201 18
[29/Mar/2026 16:46:12] "POST /api/update-location/ HTTP/1.1" 200 124
[29/Mar/2026 16:46:12] "POST /api/start-run/ HTTP/1.1" 201 18
[29/Mar/2026 16:46:13] "POST /api/update-location/ HTTP/1.1" 200 124
[29/Mar/2026 16:46:13] "POST /api/update-location/ HTTP/1.1" 200 124
[29/Mar/2026 16:46:14] "POST /api/update-location/ HTTP/1.1" 200 124
[29/Mar/2026 16:46:14] "POST /api/start-run/ HTTP/1.1" 201 18
[29/Mar/2026 16:46:15] "POST /api/end-run/ HTTP/1.1" 200 601
Bad Request: /api/update-location/
[29/Mar/2026 16:46:15] "POST /api/update-location/ HTTP/1.1" 400 60
[29/Mar/2026 16:46:16] "POST /api/start-run/ HTTP/1.1" 201 18
[29/Mar/2026 16:46:16] "POST /api/update-location/ HTTP/1.1" 200 124
[29/Mar/2026 16:46:17] "POST /api/start-run/ HTTP/1.1" 201 18
[29/Mar/2026 16:46:17] "POST /api/update-location/ HTTP/1.1" 200 125
[29/Mar/2026 16:46:18] "POST /api/update-location/ HTTP/1.1" 200 125
[29/Mar/2026 16:46:18] "POST /api/update-location/ HTTP/1.1" 200 125
[29/Mar/2026 16:46:18] "POST /api/update-location/ HTTP/1.1" 200 125
[29/Mar/2026 16:46:19] "POST /api/start-run/ HTTP/1.1" 201 18
[29/Mar/2026 16:46:19] "POST /api/end-run/ HTTP/1.1" 200 604
Bad Request: /api/update-location/
[29/Mar/2026 16:46:20] "POST /api/update-location/ HTTP/1.1" 400 60
[29/Mar/2026 16:46:21] "POST /api/start-run/ HTTP/1.1" 201 18
[29/Mar/2026 16:46:21] "POST /api/update-location/ HTTP/1.1" 200 124
[29/Mar/2026 16:46:21] "POST /api/start-run/ HTTP/1.1" 201 18
[29/Mar/2026 16:46:22] "POST /api/end-run/ HTTP/1.1" 200 602
[29/Mar/2026 16:46:22] "POST /api/start-run/ HTTP/1.1" 201 18
[29/Mar/2026 16:46:23] "POST /api/end-run/ HTTP/1.1" 200 602
[29/Mar/2026 16:46:23] "POST /api/update-location/ HTTP/1.1" 200 124
[29/Mar/2026 16:46:24] "POST /api/start-run/ HTTP/1.1" 201 18
[29/Mar/2026 16:46:24] "POST /api/update-location/ HTTP/1.1" 200 124
[29/Mar/2026 16:46:25] "GET /api/profile/ HTTP/1.1" 200 2286
[29/Mar/2026 16:46:25] "POST /api/end-run/ HTTP/1.1" 200 602
[29/Mar/2026 16:46:26] "POST /api/start-run/ HTTP/1.1" 201 18
Bad Request: /api/end-run/
[29/Mar/2026 16:46:26] "POST /api/end-run/ HTTP/1.1" 400 41
Bad Request: /api/end-run/
[29/Mar/2026 16:46:27] "POST /api/end-run/ HTTP/1.1" 400 41
Bad Request: /api/end-run/
[29/Mar/2026 16:46:27] "POST /api/end-run/ HTTP/1.1" 400 41
Bad Request: /api/end-run/
[29/Mar/2026 16:46:27] "POST /api/end-run/ HTTP/1.1" 400 41
[29/Mar/2026 16:46:28] "GET /api/leaderboard/ HTTP/1.1" 200 220
[29/Mar/2026 16:46:28] "GET /api/challenges/ HTTP/1.1" 200 871
Bad Request: /api/end-run/
[29/Mar/2026 16:46:29] "POST /api/end-run/ HTTP/1.1" 400 41
Bad Request: /api/update-location/
[29/Mar/2026 16:46:29] "POST /api/update-location/ HTTP/1.1" 400 60
Bad Request: /api/end-run/
[29/Mar/2026 16:46:30] "POST /api/end-run/ HTTP/1.1" 400 41
Bad Request: /api/end-run/
[29/Mar/2026 16:46:30] "POST /api/end-run/ HTTP/1.1" 400 41
Bad Request: /api/end-run/
[29/Mar/2026 16:46:31] "POST /api/end-run/ HTTP/1.1" 400 41
Bad Request: /api/end-run/
[29/Mar/2026 16:46:31] "POST /api/end-run/ HTTP/1.1" 400 41
Bad Request: /api/end-run/
[29/Mar/2026 16:46:32] "POST /api/end-run/ HTTP/1.1" 400 41
Bad Request: /api/end-run/
[29/Mar/2026 16:46:33] "POST /api/end-run/ HTTP/1.1" 400 41
Bad Request: /api/end-run/
[29/Mar/2026 16:46:34] "POST /api/end-run/ HTTP/1.1" 400 41
Unauthorized: /api/start-run/
[29/Mar/2026 16:47:29] "POST /api/start-run/ HTTP/1.1" 401 58
Unauthorized: /api/start-run/
[29/Mar/2026 16:47:30] "POST /api/start-run/ HTTP/1.1" 401 58
Unauthorized: /api/start-run/
[29/Mar/2026 16:48:17] "POST /api/start-run/ HTTP/1.1" 401 58
[29/Mar/2026 16:51:32] "GET /api/profile/ HTTP/1.1" 200 2303
[29/Mar/2026 16:51:36] "POST /api/start-run/ HTTP/1.1" 201 18
[29/Mar/2026 16:51:37] "POST /api/end-run/ HTTP/1.1" 200 599
[29/Mar/2026 16:51:37] "POST /api/start-run/ HTTP/1.1" 201 18
[29/Mar/2026 16:51:38] "POST /api/end-run/ HTTP/1.1" 200 599
[29/Mar/2026 16:51:38] "POST /api/start-run/ HTTP/1.1" 201 18
[29/Mar/2026 16:51:39] "POST /api/start-run/ HTTP/1.1" 201 18
[29/Mar/2026 16:51:40] "POST /api/end-run/ HTTP/1.1" 200 601
[29/Mar/2026 16:51:40] "POST /api/end-run/ HTTP/1.1" 200 599
Bad Request: /api/update-location/
[29/Mar/2026 16:51:41] "POST /api/update-location/ HTTP/1.1" 400 60
[29/Mar/2026 16:51:41] "POST /api/start-run/ HTTP/1.1" 201 18
Bad Request: /api/update-location/
[29/Mar/2026 16:51:41] "POST /api/update-location/ HTTP/1.1" 400 60
[29/Mar/2026 16:51:42] "POST /api/start-run/ HTTP/1.1" 201 18
[29/Mar/2026 16:51:42] "POST /api/update-location/ HTTP/1.1" 200 124
[29/Mar/2026 16:51:43] "POST /api/start-run/ HTTP/1.1" 201 18
[29/Mar/2026 16:51:43] "POST /api/end-run/ HTTP/1.1" 200 601
Bad Request: /api/update-location/
[29/Mar/2026 16:51:44] "POST /api/update-location/ HTTP/1.1" 400 60
[29/Mar/2026 16:51:44] "POST /api/start-run/ HTTP/1.1" 201 18
[29/Mar/2026 16:51:45] "POST /api/end-run/ HTTP/1.1" 200 601
Bad Request: /api/update-location/
[29/Mar/2026 16:51:45] "POST /api/update-location/ HTTP/1.1" 400 60
[29/Mar/2026 16:51:46] "POST /api/start-run/ HTTP/1.1" 201 18
[29/Mar/2026 16:51:46] "POST /api/update-location/ HTTP/1.1" 200 124
[29/Mar/2026 16:51:47] "POST /api/start-run/ HTTP/1.1" 201 18
Bad Request: /api/update-location/
[29/Mar/2026 16:51:47] "POST /api/update-location/ HTTP/1.1" 400 60
[29/Mar/2026 16:51:48] "POST /api/start-run/ HTTP/1.1" 201 18
[29/Mar/2026 16:51:49] "POST /api/end-run/ HTTP/1.1" 200 601
Bad Request: /api/update-location/
[29/Mar/2026 16:51:50] "POST /api/update-location/ HTTP/1.1" 400 60
Bad Request: /api/update-location/
[29/Mar/2026 16:51:50] "POST /api/update-location/ HTTP/1.1" 400 60
[29/Mar/2026 16:51:51] "POST /api/start-run/ HTTP/1.1" 201 18
Bad Request: /api/update-location/
[29/Mar/2026 16:51:51] "POST /api/update-location/ HTTP/1.1" 400 60
Bad Request: /api/update-location/
[29/Mar/2026 16:51:52] "POST /api/update-location/ HTTP/1.1" 400 60
Bad Request: /api/update-location/
[29/Mar/2026 16:51:52] "POST /api/update-location/ HTTP/1.1" 400 60
Bad Request: /api/update-location/
[29/Mar/2026 16:51:53] "POST /api/update-location/ HTTP/1.1" 400 60
Bad Request: /api/update-location/
[29/Mar/2026 16:51:53] "POST /api/update-location/ HTTP/1.1" 400 60
[29/Mar/2026 16:51:54] "POST /api/start-run/ HTTP/1.1" 201 18
[29/Mar/2026 16:51:54] "POST /api/update-location/ HTTP/1.1" 200 124
[29/Mar/2026 16:51:55] "POST /api/update-location/ HTTP/1.1" 200 124
[29/Mar/2026 16:51:55] "POST /api/start-run/ HTTP/1.1" 201 18
[29/Mar/2026 16:51:56] "POST /api/update-location/ HTTP/1.1" 200 124
Bad Request: /api/end-run/
[29/Mar/2026 16:51:56] "POST /api/end-run/ HTTP/1.1" 400 41
[29/Mar/2026 16:51:57] "POST /api/update-location/ HTTP/1.1" 200 124
[29/Mar/2026 16:51:57] "POST /api/start-run/ HTTP/1.1" 201 18
[29/Mar/2026 16:51:58] "POST /api/end-run/ HTTP/1.1" 200 601
[29/Mar/2026 16:51:58] "POST /api/update-location/ HTTP/1.1" 200 124
[29/Mar/2026 16:51:59] "POST /api/start-run/ HTTP/1.1" 201 18
[29/Mar/2026 16:51:59] "POST /api/update-location/ HTTP/1.1" 200 125
[29/Mar/2026 16:52:00] "POST /api/update-location/ HTTP/1.1" 200 125
Bad Request: /api/update-location/
[29/Mar/2026 16:52:00] "POST /api/update-location/ HTTP/1.1" 400 60
[29/Mar/2026 16:52:01] "POST /api/update-location/ HTTP/1.1" 200 125
[29/Mar/2026 16:52:01] "POST /api/start-run/ HTTP/1.1" 201 18
[29/Mar/2026 16:52:02] "POST /api/end-run/ HTTP/1.1" 200 604
Bad Request: /api/end-run/
[29/Mar/2026 16:52:02] "POST /api/end-run/ HTTP/1.1" 400 41
Bad Request: /api/end-run/
[29/Mar/2026 16:52:03] "POST /api/end-run/ HTTP/1.1" 400 41
[29/Mar/2026 16:52:03] "POST /api/update-location/ HTTP/1.1" 200 124
[29/Mar/2026 16:52:04] "POST /api/end-run/ HTTP/1.1" 200 601
[29/Mar/2026 16:52:04] "POST /api/start-run/ HTTP/1.1" 201 18
[29/Mar/2026 16:52:05] "POST /api/start-run/ HTTP/1.1" 201 18
Bad Request: /api/update-location/
[29/Mar/2026 16:52:05] "POST /api/update-location/ HTTP/1.1" 400 60
[29/Mar/2026 16:52:06] "POST /api/start-run/ HTTP/1.1" 201 18
[29/Mar/2026 16:52:06] "POST /api/update-location/ HTTP/1.1" 200 124
[29/Mar/2026 16:52:07] "POST /api/start-run/ HTTP/1.1" 201 18
[29/Mar/2026 16:52:07] "POST /api/end-run/ HTTP/1.1" 200 602
Bad Request: /api/update-location/
[29/Mar/2026 16:52:08] "POST /api/update-location/ HTTP/1.1" 400 60
[29/Mar/2026 16:52:08] "POST /api/start-run/ HTTP/1.1" 201 18
Bad Request: /api/end-run/
[29/Mar/2026 16:52:09] "POST /api/end-run/ HTTP/1.1" 400 41
Bad Request: /api/update-location/
[29/Mar/2026 16:52:10] "POST /api/update-location/ HTTP/1.1" 400 60
Bad Request: /api/update-location/
[29/Mar/2026 16:52:10] "POST /api/update-location/ HTTP/1.1" 400 60
[29/Mar/2026 16:52:11] "POST /api/update-location/ HTTP/1.1" 200 124
[29/Mar/2026 16:52:11] "POST /api/start-run/ HTTP/1.1" 201 18
[29/Mar/2026 16:52:11] "POST /api/update-location/ HTTP/1.1" 200 125
[29/Mar/2026 16:52:12] "POST /api/update-location/ HTTP/1.1" 200 125
[29/Mar/2026 16:52:12] "POST /api/update-location/ HTTP/1.1" 200 125
[29/Mar/2026 16:52:13] "POST /api/update-location/ HTTP/1.1" 200 125
[29/Mar/2026 16:52:13] "POST /api/start-run/ HTTP/1.1" 201 18
[29/Mar/2026 16:52:14] "POST /api/end-run/ HTTP/1.1" 200 604
[29/Mar/2026 16:52:14] "POST /api/start-run/ HTTP/1.1" 201 18
[29/Mar/2026 16:52:15] "POST /api/update-location/ HTTP/1.1" 200 124
[29/Mar/2026 16:52:15] "POST /api/start-run/ HTTP/1.1" 201 18
[29/Mar/2026 16:52:15] "POST /api/start-run/ HTTP/1.1" 201 18
[29/Mar/2026 16:52:16] "POST /api/update-location/ HTTP/1.1" 200 124
[29/Mar/2026 16:52:17] "POST /api/start-run/ HTTP/1.1" 201 18
[29/Mar/2026 16:52:17] "POST /api/start-run/ HTTP/1.1" 201 18
[29/Mar/2026 16:52:17] "POST /api/update-location/ HTTP/1.1" 200 124
[29/Mar/2026 16:52:18] "POST /api/start-run/ HTTP/1.1" 201 18
Bad Request: /api/update-location/
[29/Mar/2026 16:52:19] "POST /api/update-location/ HTTP/1.1" 400 60
[29/Mar/2026 16:52:19] "POST /api/start-run/ HTTP/1.1" 201 18
[29/Mar/2026 16:52:20] "POST /api/update-location/ HTTP/1.1" 200 124
[29/Mar/2026 16:52:20] "POST /api/update-location/ HTTP/1.1" 200 124
[29/Mar/2026 16:52:20] "POST /api/update-location/ HTTP/1.1" 200 124
[29/Mar/2026 16:52:21] "POST /api/start-run/ HTTP/1.1" 201 18
[29/Mar/2026 16:52:22] "POST /api/end-run/ HTTP/1.1" 200 602
Bad Request: /api/update-location/
[29/Mar/2026 16:52:22] "POST /api/update-location/ HTTP/1.1" 400 60
[29/Mar/2026 16:52:23] "POST /api/start-run/ HTTP/1.1" 201 18
Bad Request: /api/update-location/
[29/Mar/2026 16:52:23] "POST /api/update-location/ HTTP/1.1" 400 60
[29/Mar/2026 16:52:24] "POST /api/update-location/ HTTP/1.1" 200 124
[29/Mar/2026 16:52:24] "POST /api/start-run/ HTTP/1.1" 201 18
[29/Mar/2026 16:52:25] "POST /api/update-location/ HTTP/1.1" 200 124
[29/Mar/2026 16:52:25] "POST /api/start-run/ HTTP/1.1" 201 18
[29/Mar/2026 16:52:26] "POST /api/end-run/ HTTP/1.1" 200 602
[29/Mar/2026 16:52:26] "POST /api/update-location/ HTTP/1.1" 200 124
[29/Mar/2026 16:52:27] "POST /api/start-run/ HTTP/1.1" 201 18
[29/Mar/2026 16:52:27] "POST /api/end-run/ HTTP/1.1" 200 602
[29/Mar/2026 16:52:28] "POST /api/start-run/ HTTP/1.1" 201 18
[29/Mar/2026 16:52:28] "POST /api/update-location/ HTTP/1.1" 200 124
[29/Mar/2026 16:52:29] "POST /api/start-run/ HTTP/1.1" 201 18
[29/Mar/2026 16:52:29] "POST /api/end-run/ HTTP/1.1" 200 602
[29/Mar/2026 16:52:29] "POST /api/start-run/ HTTP/1.1" 201 18
[29/Mar/2026 16:52:30] "POST /api/update-location/ HTTP/1.1" 200 124
[29/Mar/2026 16:52:31] "POST /api/update-location/ HTTP/1.1" 200 125
[29/Mar/2026 16:52:31] "POST /api/update-location/ HTTP/1.1" 200 125
[29/Mar/2026 16:52:32] "POST /api/update-location/ HTTP/1.1" 200 125
[29/Mar/2026 16:52:32] "POST /api/update-location/ HTTP/1.1" 200 124
[29/Mar/2026 16:52:33] "POST /api/update-location/ HTTP/1.1" 200 125
[29/Mar/2026 16:52:33] "POST /api/update-location/ HTTP/1.1" 200 125
[29/Mar/2026 16:52:34] "POST /api/end-run/ HTTP/1.1" 200 604
[29/Mar/2026 16:52:34] "POST /api/start-run/ HTTP/1.1" 201 18
Bad Request: /api/end-run/
[29/Mar/2026 16:52:35] "POST /api/end-run/ HTTP/1.1" 400 41
Bad Request: /api/update-location/
[29/Mar/2026 16:52:35] "POST /api/update-location/ HTTP/1.1" 400 60
[29/Mar/2026 16:52:36] "POST /api/start-run/ HTTP/1.1" 201 18
[29/Mar/2026 16:52:36] "POST /api/update-location/ HTTP/1.1" 200 124
[29/Mar/2026 16:52:37] "POST /api/start-run/ HTTP/1.1" 201 18
[29/Mar/2026 16:52:37] "POST /api/update-location/ HTTP/1.1" 200 124
[29/Mar/2026 16:52:37] "POST /api/start-run/ HTTP/1.1" 201 18
[29/Mar/2026 16:52:38] "POST /api/update-location/ HTTP/1.1" 200 125
[29/Mar/2026 16:52:38] "POST /api/start-run/ HTTP/1.1" 201 18
[29/Mar/2026 16:52:39] "POST /api/update-location/ HTTP/1.1" 200 125
Bad Request: /api/update-location/
[29/Mar/2026 16:52:40] "POST /api/update-location/ HTTP/1.1" 400 60
[29/Mar/2026 16:52:40] "POST /api/start-run/ HTTP/1.1" 201 18
[29/Mar/2026 16:52:41] "POST /api/end-run/ HTTP/1.1" 200 603
Bad Request: /api/update-location/
[29/Mar/2026 16:52:41] "POST /api/update-location/ HTTP/1.1" 400 60
[29/Mar/2026 16:52:42] "POST /api/start-run/ HTTP/1.1" 201 18
Bad Request: /api/update-location/
[29/Mar/2026 16:52:42] "POST /api/update-location/ HTTP/1.1" 400 70
[29/Mar/2026 16:52:43] "POST /api/start-run/ HTTP/1.1" 201 18
[29/Mar/2026 16:52:43] "POST /api/start-run/ HTTP/1.1" 201 18
[29/Mar/2026 16:52:43] "POST /api/end-run/ HTTP/1.1" 200 602
Bad Request: /api/update-location/
[29/Mar/2026 16:52:44] "POST /api/update-location/ HTTP/1.1" 400 60
Bad Request: /api/update-location/
[29/Mar/2026 16:52:44] "POST /api/update-location/ HTTP/1.1" 400 60
[29/Mar/2026 16:52:45] "POST /api/start-run/ HTTP/1.1" 201 18
[29/Mar/2026 16:52:45] "POST /api/start-run/ HTTP/1.1" 201 18
[29/Mar/2026 16:52:46] "POST /api/update-location/ HTTP/1.1" 200 124
[29/Mar/2026 16:52:46] "POST /api/end-run/ HTTP/1.1" 200 602
[29/Mar/2026 16:52:47] "POST /api/start-run/ HTTP/1.1" 201 18
[29/Mar/2026 16:52:47] "POST /api/start-run/ HTTP/1.1" 201 18
[29/Mar/2026 16:52:48] "POST /api/start-run/ HTTP/1.1" 201 18
[29/Mar/2026 16:52:48] "POST /api/update-location/ HTTP/1.1" 200 124
[29/Mar/2026 16:52:49] "POST /api/start-run/ HTTP/1.1" 201 18
[29/Mar/2026 16:52:49] "POST /api/start-run/ HTTP/1.1" 201 18
[29/Mar/2026 16:52:50] "POST /api/end-run/ HTTP/1.1" 200 602
[29/Mar/2026 16:52:50] "POST /api/start-run/ HTTP/1.1" 201 18
[29/Mar/2026 16:52:51] "POST /api/update-location/ HTTP/1.1" 200 124
[29/Mar/2026 16:52:51] "POST /api/update-location/ HTTP/1.1" 200 124
[29/Mar/2026 16:52:51] "POST /api/start-run/ HTTP/1.1" 201 18
[29/Mar/2026 16:52:51] "POST /api/start-run/ HTTP/1.1" 201 18
[29/Mar/2026 16:52:52] "POST /api/start-run/ HTTP/1.1" 201 18
[29/Mar/2026 16:52:53] "POST /api/start-run/ HTTP/1.1" 201 18
Bad Request: /api/update-location/
[29/Mar/2026 16:52:54] "POST /api/update-location/ HTTP/1.1" 400 60
[29/Mar/2026 16:52:54] "POST /api/start-run/ HTTP/1.1" 201 18
[29/Mar/2026 16:52:55] "POST /api/update-location/ HTTP/1.1" 200 124
[29/Mar/2026 16:52:56] "POST /api/start-run/ HTTP/1.1" 201 18
[29/Mar/2026 16:52:56] "POST /api/start-run/ HTTP/1.1" 201 18
[29/Mar/2026 16:52:56] "POST /api/start-run/ HTTP/1.1" 201 18
[29/Mar/2026 16:52:57] "POST /api/update-location/ HTTP/1.1" 200 124
[29/Mar/2026 16:52:57] "POST /api/start-run/ HTTP/1.1" 201 18
[29/Mar/2026 16:52:58] "POST /api/start-run/ HTTP/1.1" 201 18
[29/Mar/2026 16:52:58] "POST /api/update-location/ HTTP/1.1" 200 125
[29/Mar/2026 16:52:59] "POST /api/end-run/ HTTP/1.1" 200 605
[29/Mar/2026 16:52:59] "POST /api/update-location/ HTTP/1.1" 200 124
[29/Mar/2026 16:53:00] "POST /api/start-run/ HTTP/1.1" 201 18
[29/Mar/2026 16:53:01] "POST /api/end-run/ HTTP/1.1" 200 603
[29/Mar/2026 16:53:01] "POST /api/update-location/ HTTP/1.1" 200 124
[29/Mar/2026 16:53:02] "POST /api/start-run/ HTTP/1.1" 201 18
[29/Mar/2026 16:53:02] "POST /api/end-run/ HTTP/1.1" 200 603
[29/Mar/2026 16:53:02] "POST /api/start-run/ HTTP/1.1" 201 18
[29/Mar/2026 16:53:03] "POST /api/update-location/ HTTP/1.1" 200 124
[29/Mar/2026 16:53:03] "POST /api/start-run/ HTTP/1.1" 201 18
[29/Mar/2026 16:53:05] "POST /api/end-run/ HTTP/1.1" 200 603
[29/Mar/2026 16:53:05] "POST /api/start-run/ HTTP/1.1" 201 18
[29/Mar/2026 16:53:05] "POST /api/start-run/ HTTP/1.1" 201 18
[29/Mar/2026 16:53:06] "POST /api/update-location/ HTTP/1.1" 200 124
[29/Mar/2026 16:53:06] "POST /api/start-run/ HTTP/1.1" 201 18
[29/Mar/2026 16:53:07] "POST /api/update-location/ HTTP/1.1" 200 124
[29/Mar/2026 16:53:07] "POST /api/update-location/ HTTP/1.1" 200 124
[29/Mar/2026 16:53:07] "POST /api/start-run/ HTTP/1.1" 201 18
[29/Mar/2026 16:53:08] "POST /api/start-run/ HTTP/1.1" 201 18
[29/Mar/2026 16:53:08] "POST /api/end-run/ HTTP/1.1" 200 603
[29/Mar/2026 16:53:09] "POST /api/start-run/ HTTP/1.1" 201 18
[29/Mar/2026 16:53:09] "POST /api/update-location/ HTTP/1.1" 200 124
[29/Mar/2026 16:53:10] "POST /api/start-run/ HTTP/1.1" 201 18
[29/Mar/2026 16:53:10] "POST /api/end-run/ HTTP/1.1" 200 603
Bad Request: /api/end-run/
[29/Mar/2026 16:53:11] "POST /api/end-run/ HTTP/1.1" 400 41
[29/Mar/2026 16:53:12] "POST /api/end-run/ HTTP/1.1" 200 603
Bad Request: /api/update-location/
[29/Mar/2026 16:53:12] "POST /api/update-location/ HTTP/1.1" 400 60
[29/Mar/2026 16:53:13] "POST /api/start-run/ HTTP/1.1" 201 18
[29/Mar/2026 16:53:14] "POST /api/start-run/ HTTP/1.1" 201 18
[29/Mar/2026 16:53:14] "POST /api/start-run/ HTTP/1.1" 201 18
[29/Mar/2026 16:53:15] "POST /api/start-run/ HTTP/1.1" 201 18
[29/Mar/2026 16:53:15] "POST /api/start-run/ HTTP/1.1" 201 18
[29/Mar/2026 16:53:16] "POST /api/start-run/ HTTP/1.1" 201 18
[29/Mar/2026 16:53:17] "POST /api/start-run/ HTTP/1.1" 201 18
[29/Mar/2026 16:53:17] "POST /api/start-run/ HTTP/1.1" 201 18
[29/Mar/2026 16:53:18] "POST /api/start-run/ HTTP/1.1" 201 18
[29/Mar/2026 16:53:19] "POST /api/update-location/ HTTP/1.1" 200 124
[29/Mar/2026 16:53:19] "POST /api/start-run/ HTTP/1.1" 201 18
[29/Mar/2026 16:53:20] "POST /api/end-run/ HTTP/1.1" 200 603
[29/Mar/2026 16:53:20] "POST /api/update-location/ HTTP/1.1" 200 124
[29/Mar/2026 16:53:21] "POST /api/start-run/ HTTP/1.1" 201 18
Bad Request: /api/end-run/
[29/Mar/2026 16:53:21] "POST /api/end-run/ HTTP/1.1" 400 41
Bad Request: /api/update-location/
[29/Mar/2026 16:53:22] "POST /api/update-location/ HTTP/1.1" 400 60
[29/Mar/2026 16:53:22] "POST /api/update-location/ HTTP/1.1" 200 124
[29/Mar/2026 16:53:23] "POST /api/start-run/ HTTP/1.1" 201 18
[29/Mar/2026 16:53:23] "POST /api/end-run/ HTTP/1.1" 200 603
Bad Request: /api/update-location/
[29/Mar/2026 16:53:25] "POST /api/update-location/ HTTP/1.1" 400 60
[29/Mar/2026 16:53:25] "POST /api/start-run/ HTTP/1.1" 201 18
[29/Mar/2026 16:53:26] "POST /api/start-run/ HTTP/1.1" 201 18
[29/Mar/2026 16:53:26] "POST /api/start-run/ HTTP/1.1" 201 18
[29/Mar/2026 16:53:26] "POST /api/start-run/ HTTP/1.1" 201 18
[29/Mar/2026 16:53:27] "POST /api/update-location/ HTTP/1.1" 200 124
[29/Mar/2026 16:53:28] "POST /api/start-run/ HTTP/1.1" 201 18
[29/Mar/2026 16:53:29] "POST /api/start-run/ HTTP/1.1" 201 18
[29/Mar/2026 16:53:29] "POST /api/start-run/ HTTP/1.1" 201 18
[29/Mar/2026 16:53:30] "POST /api/start-run/ HTTP/1.1" 201 18
[29/Mar/2026 16:53:30] "POST /api/update-location/ HTTP/1.1" 200 124
[29/Mar/2026 16:53:31] "POST /api/start-run/ HTTP/1.1" 201 18
[29/Mar/2026 16:53:32] "POST /api/update-location/ HTTP/1.1" 200 124
[29/Mar/2026 16:53:32] "POST /api/end-run/ HTTP/1.1" 200 603
[29/Mar/2026 16:53:33] "POST /api/end-run/ HTTP/1.1" 200 603
[29/Mar/2026 16:53:33] "POST /api/start-run/ HTTP/1.1" 201 18
Bad Request: /api/end-run/
[29/Mar/2026 16:53:34] "POST /api/end-run/ HTTP/1.1" 400 41
[29/Mar/2026 16:53:34] "POST /api/start-run/ HTTP/1.1" 201 18
Bad Request: /api/end-run/
[29/Mar/2026 16:53:35] "POST /api/end-run/ HTTP/1.1" 400 41
[29/Mar/2026 16:53:35] "POST /api/start-run/ HTTP/1.1" 201 18
[29/Mar/2026 16:53:36] "POST /api/update-location/ HTTP/1.1" 200 124
[29/Mar/2026 16:53:36] "POST /api/start-run/ HTTP/1.1" 201 18
[29/Mar/2026 16:53:37] "POST /api/update-location/ HTTP/1.1" 200 124
[29/Mar/2026 16:53:37] "POST /api/start-run/ HTTP/1.1" 201 18
[29/Mar/2026 16:53:38] "POST /api/update-location/ HTTP/1.1" 200 124
[29/Mar/2026 16:53:39] "POST /api/end-run/ HTTP/1.1" 200 603
[29/Mar/2026 16:53:39] "POST /api/start-run/ HTTP/1.1" 201 18
[29/Mar/2026 16:53:40] "POST /api/end-run/ HTTP/1.1" 200 603
[29/Mar/2026 16:53:41] "POST /api/start-run/ HTTP/1.1" 201 18
[29/Mar/2026 16:53:41] "POST /api/start-run/ HTTP/1.1" 201 18
[29/Mar/2026 16:53:42] "POST /api/start-run/ HTTP/1.1" 201 18
[29/Mar/2026 16:53:42] "POST /api/start-run/ HTTP/1.1" 201 18
[29/Mar/2026 16:53:43] "POST /api/start-run/ HTTP/1.1" 201 18
[29/Mar/2026 16:53:44] "POST /api/update-location/ HTTP/1.1" 200 124
[29/Mar/2026 16:53:44] "POST /api/end-run/ HTTP/1.1" 200 603
[29/Mar/2026 16:53:45] "POST /api/start-run/ HTTP/1.1" 201 18
[29/Mar/2026 16:53:46] "POST /api/start-run/ HTTP/1.1" 201 18
[29/Mar/2026 16:53:47] "POST /api/start-run/ HTTP/1.1" 201 18
[29/Mar/2026 16:53:47] "POST /api/start-run/ HTTP/1.1" 201 18
[29/Mar/2026 16:53:48] "POST /api/start-run/ HTTP/1.1" 201 18
[29/Mar/2026 16:53:49] "POST /api/update-location/ HTTP/1.1" 200 124
[29/Mar/2026 16:53:49] "POST /api/start-run/ HTTP/1.1" 201 18
[29/Mar/2026 16:53:50] "POST /api/start-run/ HTTP/1.1" 201 18
Bad Request: /api/update-location/
[29/Mar/2026 16:53:50] "POST /api/update-location/ HTTP/1.1" 400 60
[29/Mar/2026 16:53:51] "POST /api/end-run/ HTTP/1.1" 200 603
[29/Mar/2026 16:53:51] "POST /api/start-run/ HTTP/1.1" 201 18
[29/Mar/2026 16:53:51] "POST /api/update-location/ HTTP/1.1" 200 124
[29/Mar/2026 16:53:52] "POST /api/start-run/ HTTP/1.1" 201 18
[29/Mar/2026 16:53:52] "POST /api/start-run/ HTTP/1.1" 201 18
[29/Mar/2026 16:53:53] "POST /api/update-location/ HTTP/1.1" 200 124
[29/Mar/2026 16:53:54] "POST /api/start-run/ HTTP/1.1" 201 18
[29/Mar/2026 16:53:54] "POST /api/start-run/ HTTP/1.1" 201 18
[29/Mar/2026 16:53:55] "POST /api/end-run/ HTTP/1.1" 200 603
[29/Mar/2026 16:53:55] "POST /api/start-run/ HTTP/1.1" 201 18
[29/Mar/2026 16:53:55] "POST /api/start-run/ HTTP/1.1" 201 18
[29/Mar/2026 16:53:56] "POST /api/start-run/ HTTP/1.1" 201 18
[29/Mar/2026 16:53:56] "POST /api/start-run/ HTTP/1.1" 201 18
[29/Mar/2026 16:53:57] "POST /api/start-run/ HTTP/1.1" 201 18
[29/Mar/2026 16:53:57] "POST /api/start-run/ HTTP/1.1" 201 18
[29/Mar/2026 16:53:58] "POST /api/update-location/ HTTP/1.1" 200 124
[29/Mar/2026 16:53:58] "POST /api/update-location/ HTTP/1.1" 200 124
[29/Mar/2026 16:53:59] "POST /api/start-run/ HTTP/1.1" 201 18
[29/Mar/2026 16:53:59] "POST /api/start-run/ HTTP/1.1" 201 18
[29/Mar/2026 16:54:00] "POST /api/start-run/ HTTP/1.1" 201 18
[29/Mar/2026 16:54:00] "POST /api/start-run/ HTTP/1.1" 201 18
[29/Mar/2026 16:54:01] "POST /api/start-run/ HTTP/1.1" 201 18
[29/Mar/2026 16:54:01] "POST /api/start-run/ HTTP/1.1" 201 18
[29/Mar/2026 16:54:02] "POST /api/start-run/ HTTP/1.1" 201 18
[29/Mar/2026 16:54:02] "POST /api/start-run/ HTTP/1.1" 201 18
[29/Mar/2026 16:54:03] "POST /api/start-run/ HTTP/1.1" 201 18
[29/Mar/2026 16:54:03] "POST /api/update-location/ HTTP/1.1" 200 124
[29/Mar/2026 16:54:04] "POST /api/update-location/ HTTP/1.1" 200 124
[29/Mar/2026 16:54:04] "POST /api/start-run/ HTTP/1.1" 201 18
[29/Mar/2026 16:54:05] "POST /api/start-run/ HTTP/1.1" 201 18
[29/Mar/2026 16:54:06] "POST /api/start-run/ HTTP/1.1" 201 18
[29/Mar/2026 16:54:06] "POST /api/start-run/ HTTP/1.1" 201 18
[29/Mar/2026 16:54:07] "POST /api/start-run/ HTTP/1.1" 201 18
[29/Mar/2026 16:54:07] "POST /api/start-run/ HTTP/1.1" 201 18
[29/Mar/2026 16:54:08] "POST /api/update-location/ HTTP/1.1" 200 124
[29/Mar/2026 16:54:08] "POST /api/start-run/ HTTP/1.1" 201 18
[29/Mar/2026 16:54:09] "POST /api/update-location/ HTTP/1.1" 200 124
[29/Mar/2026 16:54:09] "POST /api/update-location/ HTTP/1.1" 200 124
[29/Mar/2026 16:54:10] "POST /api/start-run/ HTTP/1.1" 201 18
[29/Mar/2026 16:54:10] "POST /api/start-run/ HTTP/1.1" 201 18
[29/Mar/2026 16:54:11] "POST /api/start-run/ HTTP/1.1" 201 18
[29/Mar/2026 16:54:12] "POST /api/update-location/ HTTP/1.1" 200 124
[29/Mar/2026 16:54:12] "POST /api/start-run/ HTTP/1.1" 201 18
[29/Mar/2026 16:54:13] "POST /api/start-run/ HTTP/1.1" 201 18
[29/Mar/2026 16:54:13] "POST /api/start-run/ HTTP/1.1" 201 18
Bad Request: /api/update-location/
[29/Mar/2026 16:54:14] "POST /api/update-location/ HTTP/1.1" 400 70
[29/Mar/2026 16:54:14] "POST /api/start-run/ HTTP/1.1" 201 18
[29/Mar/2026 16:54:15] "POST /api/update-location/ HTTP/1.1" 200 124
[29/Mar/2026 16:54:15] "POST /api/update-location/ HTTP/1.1" 200 124
[29/Mar/2026 16:54:15] "POST /api/start-run/ HTTP/1.1" 201 18
[29/Mar/2026 16:54:16] "POST /api/start-run/ HTTP/1.1" 201 18
[29/Mar/2026 16:54:17] "POST /api/start-run/ HTTP/1.1" 201 18
[29/Mar/2026 16:54:17] "POST /api/start-run/ HTTP/1.1" 201 18
[29/Mar/2026 16:54:18] "POST /api/start-run/ HTTP/1.1" 201 18
[29/Mar/2026 16:54:19] "POST /api/start-run/ HTTP/1.1" 201 18
[29/Mar/2026 16:54:19] "POST /api/start-run/ HTTP/1.1" 201 18
[29/Mar/2026 16:54:19] "POST /api/start-run/ HTTP/1.1" 201 18
[29/Mar/2026 16:54:20] "POST /api/start-run/ HTTP/1.1" 201 18
[29/Mar/2026 16:54:21] "POST /api/start-run/ HTTP/1.1" 201 18
[29/Mar/2026 16:54:21] "POST /api/start-run/ HTTP/1.1" 201 18
[29/Mar/2026 16:54:22] "POST /api/start-run/ HTTP/1.1" 201 18
[29/Mar/2026 16:54:23] "POST /api/start-run/ HTTP/1.1" 201 18
[29/Mar/2026 16:54:23] "POST /api/start-run/ HTTP/1.1" 201 18
[29/Mar/2026 16:54:24] "POST /api/start-run/ HTTP/1.1" 201 18
[29/Mar/2026 16:54:25] "POST /api/start-run/ HTTP/1.1" 201 18
[29/Mar/2026 16:54:25] "POST /api/update-location/ HTTP/1.1" 200 124
[29/Mar/2026 16:54:26] "POST /api/update-location/ HTTP/1.1" 200 124
[29/Mar/2026 16:54:26] "POST /api/update-location/ HTTP/1.1" 200 124
[29/Mar/2026 16:54:27] "POST /api/start-run/ HTTP/1.1" 201 18
[29/Mar/2026 16:54:28] "POST /api/start-run/ HTTP/1.1" 201 18
[29/Mar/2026 16:54:29] "POST /api/start-run/ HTTP/1.1" 201 18
[29/Mar/2026 16:54:29] "POST /api/start-run/ HTTP/1.1" 201 18
[29/Mar/2026 16:54:30] "POST /api/start-run/ HTTP/1.1" 201 18
[29/Mar/2026 16:54:30] "POST /api/start-run/ HTTP/1.1" 201 18
[29/Mar/2026 16:54:31] "POST /api/start-run/ HTTP/1.1" 201 18
[29/Mar/2026 16:54:31] "POST /api/start-run/ HTTP/1.1" 201 18
[29/Mar/2026 16:54:32] "POST /api/start-run/ HTTP/1.1" 201 18
[29/Mar/2026 16:54:33] "POST /api/start-run/ HTTP/1.1" 201 18
[29/Mar/2026 16:54:33] "POST /api/update-location/ HTTP/1.1" 200 124
[29/Mar/2026 16:54:34] "POST /api/start-run/ HTTP/1.1" 201 18
[29/Mar/2026 16:54:34] "POST /api/start-run/ HTTP/1.1" 201 18
[29/Mar/2026 16:54:35] "POST /api/start-run/ HTTP/1.1" 201 18
[29/Mar/2026 16:54:35] "POST /api/start-run/ HTTP/1.1" 201 18
[29/Mar/2026 16:54:36] "POST /api/start-run/ HTTP/1.1" 201 18
[29/Mar/2026 16:54:37] "POST /api/start-run/ HTTP/1.1" 201 18
[29/Mar/2026 16:54:37] "POST /api/start-run/ HTTP/1.1" 201 18
[29/Mar/2026 16:54:37] "POST /api/start-run/ HTTP/1.1" 201 18
[29/Mar/2026 16:54:38] "POST /api/update-location/ HTTP/1.1" 200 124
[29/Mar/2026 16:54:38] "POST /api/update-location/ HTTP/1.1" 200 124
[29/Mar/2026 16:54:39] "POST /api/update-location/ HTTP/1.1" 200 124
[29/Mar/2026 16:54:39] "POST /api/start-run/ HTTP/1.1" 201 18
[29/Mar/2026 16:54:40] "POST /api/start-run/ HTTP/1.1" 201 18
[29/Mar/2026 16:54:40] "POST /api/start-run/ HTTP/1.1" 201 18
[29/Mar/2026 16:54:41] "POST /api/start-run/ HTTP/1.1" 201 18
[29/Mar/2026 16:54:41] "POST /api/start-run/ HTTP/1.1" 201 18
[29/Mar/2026 16:54:42] "POST /api/start-run/ HTTP/1.1" 201 18
[29/Mar/2026 16:54:42] "POST /api/start-run/ HTTP/1.1" 201 18
[29/Mar/2026 16:54:43] "POST /api/start-run/ HTTP/1.1" 201 18
[29/Mar/2026 16:54:44] "POST /api/update-location/ HTTP/1.1" 200 124
[29/Mar/2026 16:54:44] "POST /api/update-location/ HTTP/1.1" 200 124
[29/Mar/2026 16:54:44] "POST /api/start-run/ HTTP/1.1" 201 18
[29/Mar/2026 16:54:46] "POST /api/start-run/ HTTP/1.1" 201 18
[29/Mar/2026 16:54:46] "POST /api/start-run/ HTTP/1.1" 201 18
[29/Mar/2026 16:54:47] "POST /api/start-run/ HTTP/1.1" 201 18
[29/Mar/2026 16:54:47] "POST /api/update-location/ HTTP/1.1" 200 124
[29/Mar/2026 16:54:47] "POST /api/start-run/ HTTP/1.1" 201 18
[29/Mar/2026 16:54:48] "POST /api/start-run/ HTTP/1.1" 201 18
[29/Mar/2026 16:54:49] "POST /api/start-run/ HTTP/1.1" 201 18
[29/Mar/2026 16:54:49] "POST /api/update-location/ HTTP/1.1" 200 124
[29/Mar/2026 16:54:49] "POST /api/update-location/ HTTP/1.1" 200 124
[29/Mar/2026 16:54:50] "POST /api/update-location/ HTTP/1.1" 200 124
[29/Mar/2026 16:54:51] "POST /api/update-location/ HTTP/1.1" 200 124
[29/Mar/2026 16:54:51] "POST /api/start-run/ HTTP/1.1" 201 18
[29/Mar/2026 16:54:52] "POST /api/start-run/ HTTP/1.1" 201 18
[29/Mar/2026 16:54:52] "POST /api/start-run/ HTTP/1.1" 201 18
[29/Mar/2026 16:54:53] "POST /api/start-run/ HTTP/1.1" 201 18
[29/Mar/2026 16:54:53] "POST /api/start-run/ HTTP/1.1" 201 18
[29/Mar/2026 16:54:54] "POST /api/start-run/ HTTP/1.1" 201 18
[29/Mar/2026 16:54:54] "POST /api/start-run/ HTTP/1.1" 201 18
[29/Mar/2026 16:54:55] "POST /api/start-run/ HTTP/1.1" 201 18
[29/Mar/2026 16:54:55] "POST /api/start-run/ HTTP/1.1" 201 18
[29/Mar/2026 16:54:56] "POST /api/start-run/ HTTP/1.1" 201 18
[29/Mar/2026 16:54:56] "POST /api/update-location/ HTTP/1.1" 200 124
[29/Mar/2026 16:54:57] "POST /api/update-location/ HTTP/1.1" 200 124
[29/Mar/2026 16:54:57] "POST /api/start-run/ HTTP/1.1" 201 18
[29/Mar/2026 16:54:58] "POST /api/start-run/ HTTP/1.1" 201 18
[29/Mar/2026 16:54:58] "POST /api/start-run/ HTTP/1.1" 201 18
[29/Mar/2026 16:54:59] "POST /api/start-run/ HTTP/1.1" 201 18
[29/Mar/2026 16:54:59] "POST /api/start-run/ HTTP/1.1" 201 18
[29/Mar/2026 16:55:00] "POST /api/start-run/ HTTP/1.1" 201 18
[29/Mar/2026 16:55:00] "POST /api/start-run/ HTTP/1.1" 201 18
[29/Mar/2026 16:55:01] "POST /api/start-run/ HTTP/1.1" 201 18
[29/Mar/2026 16:55:01] "POST /api/start-run/ HTTP/1.1" 201 18
[29/Mar/2026 16:55:02] "POST /api/start-run/ HTTP/1.1" 201 18
[29/Mar/2026 16:55:02] "POST /api/start-run/ HTTP/1.1" 201 18
[29/Mar/2026 16:55:03] "POST /api/update-location/ HTTP/1.1" 200 124
[29/Mar/2026 16:55:03] "POST /api/update-location/ HTTP/1.1" 200 124
[29/Mar/2026 16:55:04] "POST /api/start-run/ HTTP/1.1" 201 18
[29/Mar/2026 16:55:04] "POST /api/start-run/ HTTP/1.1" 201 18
[29/Mar/2026 16:55:05] "POST /api/start-run/ HTTP/1.1" 201 18
[29/Mar/2026 16:55:05] "POST /api/start-run/ HTTP/1.1" 201 18
[29/Mar/2026 16:55:06] "POST /api/start-run/ HTTP/1.1" 201 18
[29/Mar/2026 16:55:07] "POST /api/update-location/ HTTP/1.1" 200 124
[29/Mar/2026 16:55:07] "POST /api/start-run/ HTTP/1.1" 201 18
[29/Mar/2026 16:55:08] "POST /api/start-run/ HTTP/1.1" 201 18
[29/Mar/2026 16:55:08] "POST /api/update-location/ HTTP/1.1" 200 124
[29/Mar/2026 16:55:09] "POST /api/start-run/ HTTP/1.1" 201 18
[29/Mar/2026 16:55:09] "POST /api/start-run/ HTTP/1.1" 201 18
[29/Mar/2026 16:55:10] "POST /api/start-run/ HTTP/1.1" 201 18
[29/Mar/2026 16:55:11] "POST /api/start-run/ HTTP/1.1" 201 18
[29/Mar/2026 16:55:11] "POST /api/start-run/ HTTP/1.1" 201 18
[29/Mar/2026 16:55:12] "POST /api/start-run/ HTTP/1.1" 201 18
[29/Mar/2026 16:55:13] "POST /api/update-location/ HTTP/1.1" 200 124
[29/Mar/2026 16:55:13] "POST /api/start-run/ HTTP/1.1" 201 18
[29/Mar/2026 16:55:13] "POST /api/update-location/ HTTP/1.1" 200 124
[29/Mar/2026 16:55:14] "POST /api/start-run/ HTTP/1.1" 201 18
[29/Mar/2026 16:55:16] "POST /api/start-run/ HTTP/1.1" 201 18
[29/Mar/2026 16:55:16] "POST /api/start-run/ HTTP/1.1" 201 18
[29/Mar/2026 16:55:17] "POST /api/start-run/ HTTP/1.1" 201 18
[29/Mar/2026 16:55:17] "POST /api/start-run/ HTTP/1.1" 201 18
[29/Mar/2026 16:55:18] "POST /api/start-run/ HTTP/1.1" 201 18
[29/Mar/2026 16:55:18,880] - Broken pipe from ('127.0.0.1', 50253)
[29/Mar/2026 16:55:18,882] - Broken pipe from ('127.0.0.1', 50250)
